<?xml version="1.0" encoding="utf-8"?>
<TestRun id="d1dbeb80-879a-4065-b2eb-6115c2a9604f" name="Seb@LAPTOP-JSJ0CL11 2026-08-20 14:21:48" runUser="LAPTOP-JSJ0CL11\Seb" xmlns="http://microsoft.com/schemas/VisualStudio/TeamTest/2010">
  <Times creation="2026-08-20T14:21:48.7846658+01:00" queuing="2026-08-20T14:21:48.7846663+01:00" start="2026-08-20T14:21:47.8564980+01:00" finish="2026-08-20T14:21:54.7977197+01:00" />
  <TestSettings name="default" id="a9065b76-fc11-4546-8b11-62f10364fa7e">
    <Deployment runDeploymentRoot="Seb_LAPTOP-JSJ0CL11_2026-08-20_14_21_48" />
  </TestSettings>
  <Results>
    <UnitTestResult executionId="7ab21745-e5bf-4e77-9a4d-f86611cabb64" testId="0d931837-3297-6eef-88c1-ca18f5b57d76" testName="MultiThreadedParallelTaskCollection_AddWhileRunning_Throws" computerName="LAPTOP-JSJ0CL11" duration="00:00:01.0062270" startTime="2026-08-20T14:21:48.7185047+01:00" endTime="2026-08-20T14:21:49.7247314+01:00" testType="13cdc9d9-ddb5-4fa4-a97d-d965ccfc6d4b" outcome="Passed" testListId="8c84fa94-04c1-424b-9868-57a2d4851a1d" relativeResultsDirectory="7ab21745-e5bf-4e77-9a4d-f86611cabb64" />
    <UnitTestResult executionId="66fe1f9b-f934-4f50-b34d-4fadbc6a0ea2" testId="fd846780-d0db-b795-926e-8e90ce6227f4" testName="TestCompleteWithStructEnumerator" computerName="LAPTOP-JSJ0CL11" duration="00:00:00.0002950" startTime="2026-08-20T14:21:54.7072393+01:00" endTime="2026-08-20T14:21:54.7075345+01:00" testType="13cdc9d9-ddb5-4fa4-a97d-d965ccfc6d4b" outcome="Passed" testListId="8c84fa94-04c1-424b-9868-57a2d4851a1d" relativeResultsDirectory="66fe1f9b-f934-4f50-b34d-4fadbc6a0ea2" />
    <UnitTestResult executionId="735ed9e7-55b8-4476-8d2d-945356a7f74f" testId="59578231-f9bc-224d-095f-dcafbd71aca7" testName="TestTaskDisposeCalledOnMultiThreadRunnerDispose" computerName="LAPTOP-JSJ0CL11" duration="00:00:00.0126860" startTime="2026-08-20T14:21:54.7296395+01:00" endTime="2026-08-20T14:21:54.7423248+01:00" testType="13cdc9d9-ddb5-4fa4-a97d-d965ccfc6d4b" outcome="Passed" testListId="8c84fa94-04c1-424b-9868-57a2d4851a1d" relativeResultsDirectory="735ed9e7-55b8-4476-8d2d-945356a7f74f" />
    <UnitTestResult executionId="a6b38312-8c76-497b-9b14-23cb7ea3e30b" testId="68c3c3b2-78a9-901e-5694-494acb1be643" testName="TestTaskDisposeCalledOnCompletion" computerName="LAPTOP-JSJ0CL11" duration="00:00:00.0003669" startTime="2026-08-20T14:21:54.7292553+01:00" endTime="2026-08-20T14:21:54.7296224+01:00" testType="13cdc9d9-ddb5-4fa4-a97d-d965ccfc6d4b" outcome="Passed" testListId="8c84fa94-04c1-424b-9868-57a2d4851a1d" relativeResultsDirectory="a6b38312-8c76-497b-9b14-23cb7ea3e30b" />
    <UnitTestResult executionId="1b87c92a-ca07-430d-bcbf-09c809e62f3b" testId="bcb39e8b-ecba-049b-bc3e-110a985cc8e9" testName="MultiThreadedParallelTaskCollection_Reset_ClearsTasksAndAllowsReuse" computerName="LAPTOP-JSJ0CL11" duration="00:00:00.0013280" startTime="2026-08-20T14:21:50.7528088+01:00" endTime="2026-08-20T14:21:50.7541370+01:00" testType="13cdc9d9-ddb5-4fa4-a97d-d965ccfc6d4b" outcome="Passed" testListId="8c84fa94-04c1-424b-9868-57a2d4851a1d" relativeResultsDirectory="1b87c92a-ca07-430d-bcbf-09c809e62f3b" />
    <UnitTestResult executionId="335c5528-003b-4ee3-b0cd-b3df35fcd2f0" testId="255bd0e2-e6eb-d1ee-54da-04d977327b8b" testName="TestThatLeanTasksWaitForContinuesWhenRunnerListsResize" computerName="LAPTOP-JSJ0CL11" duration="00:00:00.0031809" startTime="2026-08-20T14:21:48.7152143+01:00" endTime="2026-08-20T14:21:48.7183946+01:00" testType="13cdc9d9-ddb5-4fa4-a97d-d965ccfc6d4b" outcome="Passed" testListId="8c84fa94-04c1-424b-9868-57a2d4851a1d" relativeResultsDirectory="335c5528-003b-4ee3-b0cd-b3df35fcd2f0" />
    <UnitTestResult executionId="5bdb2601-d478-4e81-893a-9af668092c00" testId="1349a674-b368-e309-e32b-05a334553b6a" testName="ParallelTaskCollection_Reset_AllowsReexecution" computerName="LAPTOP-JSJ0CL11" duration="00:00:00.0004370" startTime="2026-08-20T14:21:54.6926367+01:00" endTime="2026-08-20T14:21:54.6930736+01:00" testType="13cdc9d9-ddb5-4fa4-a97d-d965ccfc6d4b" outcome="Passed" testListId="8c84fa94-04c1-424b-9868-57a2d4851a1d" relativeResultsDirectory="5bdb2601-d478-4e81-893a-9af668092c00" />
    <UnitTestResult executionId="1686bf0f-f2d1-47dc-be42-2aeaddfe1d09" testId="b02acacf-c355-0ab2-cb2f-78712f4d1af1" testName="MultiThreadedParallelTaskCollection_Stop_StopsExecution" computerName="LAPTOP-JSJ0CL11" duration="00:00:00.0032150" startTime="2026-08-20T14:21:51.7670888+01:00" endTime="2026-08-20T14:21:51.7703007+01:00" testType="13cdc9d9-ddb5-4fa4-a97d-d965ccfc6d4b" outcome="Passed" testListId="8c84fa94-04c1-424b-9868-57a2d4851a1d" relativeResultsDirectory="1686bf0f-f2d1-47dc-be42-2aeaddfe1d09" />
    <UnitTestResult executionId="0a138c3e-871d-4fb1-b6f7-4ae33d20cee8" testId="cc1d8ecd-f7e2-b1ef-4373-2891d00d6557" testName="Pool_StopThenDispose_DoesNotDeadlock" computerName="LAPTOP-JSJ0CL11" duration="00:00:00.0163899" startTime="2026-08-20T14:21:52.0120987+01:00" endTime="2026-08-20T14:21:52.0284879+01:00" testType="13cdc9d9-ddb5-4fa4-a97d-d965ccfc6d4b" outcome="Passed" testListId="8c84fa94-04c1-424b-9868-57a2d4851a1d" relativeResultsDirectory="0a138c3e-871d-4fb1-b6f7-4ae33d20cee8" />
    <UnitTestResult executionId="e4ef1091-48d0-4924-ac20-a8583f48a0c5" testId="d8ff7534-a34c-40b9-507b-e9a47fc38a8b" testName="StandardUseOfEnumerators" computerName="LAPTOP-JSJ0CL11" duration="00:00:00.0005740" startTime="2026-08-20T14:21:54.7052232+01:00" endTime="2026-08-20T14:21:54.7057975+01:00" testType="13cdc9d9-ddb5-4fa4-a97d-d965ccfc6d4b" outcome="Passed" testListId="8c84fa94-04c1-424b-9868-57a2d4851a1d" relativeResultsDirectory="e4ef1091-48d0-4924-ac20-a8583f48a0c5" />
    <UnitTestResult executionId="67ab82b7-f229-42bc-a689-7a20e82695a3" testId="2a26e8f7-1252-983f-7c5c-314fdf57840a" testName="MultiThreadedParallelTaskCollection_ExtraLean_RunsTasksInParallel" computerName="LAPTOP-JSJ0CL11" duration="00:00:01.0017540" startTime="2026-08-20T14:21:49.7509986+01:00" endTime="2026-08-20T14:21:50.7527520+01:00" testType="13cdc9d9-ddb5-4fa4-a97d-d965ccfc6d4b" outcome="Passed" testListId="8c84fa94-04c1-424b-9868-57a2d4851a1d" relativeResultsDirectory="67ab82b7-f229-42bc-a689-7a20e82695a3" />
    <UnitTestResult executionId="958236f7-d4ad-4928-8b61-50d5fe61b963" testId="8443b430-8712-d514-2e47-cebfdee6c27c" testName="MultiThreadedParallelTaskCollection_StopThenDispose_DisposesTasks" computerName="LAPTOP-JSJ0CL11" duration="00:00:00.0081499" startTime="2026-08-20T14:21:51.7704657+01:00" endTime="2026-08-20T14:21:51.7786139+01:00" testType="13cdc9d9-ddb5-4fa4-a97d-d965ccfc6d4b" outcome="Passed" testListId="8c84fa94-04c1-424b-9868-57a2d4851a1d" relativeResultsDirectory="958236f7-d4ad-4928-8b61-50d5fe61b963" />
    <UnitTestResult executionId="3ed3a848-6104-4f6d-8e53-81cec78ec924" testId="fd2da592-b48a-e07f-1c44-e89306c3e07d" testName="SteppableRunner_Flush_DisposesRunningTasks" computerName="LAPTOP-JSJ0CL11" duration="00:00:00.0005160" startTime="2026-08-20T14:21:54.6487400+01:00" endTime="2026-08-20T14:21:54.6492559+01:00" testType="13cdc9d9-ddb5-4fa4-a97d-d965ccfc6d4b" outcome="Passed" testListId="8c84fa94-04c1-424b-9868-57a2d4851a1d" relativeResultsDirectory="3ed3a848-6104-4f6d-8e53-81cec78ec924" />
    <UnitTestResult executionId="bcb1bb40-4dda-489a-a769-d28ad5d070b2" testId="9c403184-80dd-0638-1b36-c8e45e741245" testName="TaskContractContinueIt_TriggersImmediateMoveNext" computerName="LAPTOP-JSJ0CL11" duration="00:00:00.0002120" startTime="2026-08-20T14:21:54.7024431+01:00" endTime="2026-08-20T14:21:54.7026554+01:00" testType="13cdc9d9-ddb5-4fa4-a97d-d965ccfc6d4b" outcome="Passed" testListId="8c84fa94-04c1-424b-9868-57a2d4851a1d" relativeResultsDirectory="bcb1bb40-4dda-489a-a769-d28ad5d070b2" />
    <UnitTestResult executionId="0b9b7ad3-0ef3-4567-84f1-8372b2f4121f" testId="6ee7a9c6-8930-e317-cf6a-5e9c81d17dad" testName="TestMultithreadIntervaled" computerName="LAPTOP-JSJ0CL11" duration="00:00:02.0168300" startTime="2026-08-20T14:21:52.5687441+01:00" endTime="2026-08-20T14:21:54.5855741+01:00" testType="13cdc9d9-ddb5-4fa4-a97d-d965ccfc6d4b" outcome="Passed" testListId="8c84fa94-04c1-424b-9868-57a2d4851a1d" relativeResultsDirectory="0b9b7ad3-0ef3-4567-84f1-8372b2f4121f" />
    <UnitTestResult executionId="515824d3-f6e9-4977-afee-a7a21f8611cf" testId="9fdd8bbb-fcd1-9994-a6e5-9f7c3dd9c3f8" testName="ParallelTaskCollection_AllowsTasksToOverlap" computerName="LAPTOP-JSJ0CL11" duration="00:00:00.0050270" startTime="2026-08-20T14:21:54.6875873+01:00" endTime="2026-08-20T14:21:54.6926143+01:00" testType="13cdc9d9-ddb5-4fa4-a97d-d965ccfc6d4b" outcome="Passed" testListId="8c84fa94-04c1-424b-9868-57a2d4851a1d" relativeResultsDirectory="515824d3-f6e9-4977-afee-a7a21f8611cf" />
    <UnitTestResult executionId="4f84537e-ca6a-4ae2-93c2-d7e5d6d01824" testId="11c3d0fc-8735-20e6-aa99-fc659a34a65c" testName="TaskContract_FromReference_StoresAndRetrievesValue" computerName="LAPTOP-JSJ0CL11" duration="00:00:00.0001850" startTime="2026-08-20T14:21:54.7007765+01:00" endTime="2026-08-20T14:21:54.7009614+01:00" testType="13cdc9d9-ddb5-4fa4-a97d-d965ccfc6d4b" outcome="Passed" testListId="8c84fa94-04c1-424b-9868-57a2d4851a1d" relativeResultsDirectory="4f84537e-ca6a-4ae2-93c2-d7e5d6d01824" />
    <UnitTestResult executionId="d7da6349-e7f9-4d8b-bca9-bf04f80adc1e" testId="5f7a6ccd-25bd-7076-e67b-08a9a7c5026b" testName="TestMultithreadQuick" computerName="LAPTOP-JSJ0CL11" duration="00:00:00.0314520" startTime="2026-08-20T14:21:54.5856166+01:00" endTime="2026-08-20T14:21:54.6170680+01:00" testType="13cdc9d9-ddb5-4fa4-a97d-d965ccfc6d4b" outcome="Passed" testListId="8c84fa94-04c1-424b-9868-57a2d4851a1d" relativeResultsDirectory="d7da6349-e7f9-4d8b-bca9-bf04f80adc1e" />
    <UnitTestResult executionId="01ee36e8-620a-4c31-accd-96767ff4b5f2" testId="c666dac0-a2ff-62d5-5167-40b4d68c8d52" testName="ExtraLean_IteratorBlockPool_RecyclesBlocks" computerName="LAPTOP-JSJ0CL11" duration="00:00:00.0017090" startTime="2026-08-20T14:21:48.7119683+01:00" endTime="2026-08-20T14:21:48.7136768+01:00" testType="13cdc9d9-ddb5-4fa4-a97d-d965ccfc6d4b" outcome="Passed" testListId="8c84fa94-04c1-424b-9868-57a2d4851a1d" relativeResultsDirectory="01ee36e8-620a-4c31-accd-96767ff4b5f2" />
    <UnitTestResult executionId="bc8d43b4-b24b-4c6b-950c-e787e3838060" testId="bfe02e13-5963-6df8-70fb-54f6471ca261" testName="Lean_IteratorBlockPool_RecyclesBlocks" computerName="LAPTOP-JSJ0CL11" duration="00:00:00.0013480" startTime="2026-08-20T14:21:48.7136979+01:00" endTime="2026-08-20T14:21:48.7150449+01:00" testType="13cdc9d9-ddb5-4fa4-a97d-d965ccfc6d4b" outcome="Passed" testListId="8c84fa94-04c1-424b-9868-57a2d4851a1d" relativeResultsDirectory="bc8d43b4-b24b-4c6b-950c-e787e3838060" />
    <UnitTestResult executionId="80958831-be2a-4038-84aa-06d90f9a9412" testId="fca60bcd-4173-6747-af49-6c252ad375f1" testName="TestTaskContractReturningATaskContractReturningATaskContract" computerName="LAPTOP-JSJ0CL11" duration="00:00:00.0007570" startTime="2026-08-20T14:21:54.7276946+01:00" endTime="2026-08-20T14:21:54.7284519+01:00" testType="13cdc9d9-ddb5-4fa4-a97d-d965ccfc6d4b" outcome="Passed" testListId="8c84fa94-04c1-424b-9868-57a2d4851a1d" relativeResultsDirectory="80958831-be2a-4038-84aa-06d90f9a9412" />
    <UnitTestResult executionId="580b6959-5d4f-4808-8a97-fd35ad69120a" testId="6edc79c6-9fd3-601e-8029-572df6e767d6" testName="MultiThreadRunner_Dispose_DisposesQueuedTasks" computerName="LAPTOP-JSJ0CL11" duration="00:00:00.0008270" startTime="2026-08-20T14:21:52.0892554+01:00" endTime="2026-08-20T14:21:52.0900824+01:00" testType="13cdc9d9-ddb5-4fa4-a97d-d965ccfc6d4b" outcome="Passed" testListId="8c84fa94-04c1-424b-9868-57a2d4851a1d" relativeResultsDirectory="580b6959-5d4f-4808-8a97-fd35ad69120a" />
    <UnitTestResult executionId="a0c3d92d-86be-48bc-9ce4-2603d5a91ddf" testId="6d43e1f7-9748-8c87-7b0e-e769a1a8ca2f" testName="TestTaskContractJustYielding" computerName="LAPTOP-JSJ0CL11" duration="00:00:00.0004080" startTime="2026-08-20T14:21:54.7272714+01:00" endTime="2026-08-20T14:21:54.7276802+01:00" testType="13cdc9d9-ddb5-4fa4-a97d-d965ccfc6d4b" outcome="Passed" testListId="8c84fa94-04c1-424b-9868-57a2d4851a1d" relativeResultsDirectory="a0c3d92d-86be-48bc-9ce4-2603d5a91ddf" />
    <UnitTestResult executionId="ee47ff5d-7052-4d49-8124-d1c3de5f26f6" testId="59617415-a20b-afa9-77f2-8da061dedffe" testName="Pool_RunsTasksOnMultipleThreads" computerName="LAPTOP-JSJ0CL11" duration="00:00:00.2146120" startTime="2026-08-20T14:21:51.7974304+01:00" endTime="2026-08-20T14:21:52.0120421+01:00" testType="13cdc9d9-ddb5-4fa4-a97d-d965ccfc6d4b" outcome="Passed" testListId="8c84fa94-04c1-424b-9868-57a2d4851a1d" relativeResultsDirectory="ee47ff5d-7052-4d49-8124-d1c3de5f26f6" />
    <UnitTestResult executionId="e7843813-e220-48b2-a0ad-450dcc2f7c1a" testId="63b640f2-ab40-595b-d960-25d2fb7c7d50" testName="TimeSlicedFlow_RunsTasksUntilTimeLimit" computerName="LAPTOP-JSJ0CL11" duration="00:00:00.0296780" startTime="2026-08-20T14:21:48.6819148+01:00" endTime="2026-08-20T14:21:48.7115923+01:00" testType="13cdc9d9-ddb5-4fa4-a97d-d965ccfc6d4b" outcome="Passed" testListId="8c84fa94-04c1-424b-9868-57a2d4851a1d" relativeResultsDirectory="e7843813-e220-48b2-a0ad-450dcc2f7c1a" />
    <UnitTestResult executionId="a8ffd429-6e72-4b80-a52e-e7533aa3e151" testId="c25b8f57-5bb3-5325-c00a-6756d7636910" testName="TaskContract_Exception_StoresAndRetrievesValue" computerName="LAPTOP-JSJ0CL11" duration="00:00:00.0001820" startTime="2026-08-20T14:21:54.6998373+01:00" endTime="2026-08-20T14:21:54.7000196+01:00" testType="13cdc9d9-ddb5-4fa4-a97d-d965ccfc6d4b" outcome="Passed" testListId="8c84fa94-04c1-424b-9868-57a2d4851a1d" relativeResultsDirectory="a8ffd429-6e72-4b80-a52e-e7533aa3e151" />
    <UnitTestResult executionId="6d904479-a360-45f4-9118-9d98c91dc2fd" testId="22afcadc-334e-5c92-99a7-ca8496b1835e" testName="TestEvenFancierEnumerator" computerName="LAPTOP-JSJ0CL11" duration="00:00:00.0010090" startTime="2026-08-20T14:21:54.7109277+01:00" endTime="2026-08-20T14:21:54.7119369+01:00" testType="13cdc9d9-ddb5-4fa4-a97d-d965ccfc6d4b" outcome="Passed" testListId="8c84fa94-04c1-424b-9868-57a2d4851a1d" relativeResultsDirectory="6d904479-a360-45f4-9118-9d98c91dc2fd" />
    <UnitTestResult executionId="6e3890d6-99ef-46b0-b2c0-f421bea702da" testId="0ab4a00d-1de2-a85b-5b3d-9c0bc50cc1e1" testName="MultiThreadedParallelTaskCollection_Stop_DoesNotClearAndAllowsReuse" computerName="LAPTOP-JSJ0CL11" duration="00:00:00.0027580" startTime="2026-08-20T14:21:51.7642094+01:00" endTime="2026-08-20T14:21:51.7669657+01:00" testType="13cdc9d9-ddb5-4fa4-a97d-d965ccfc6d4b" outcome="Passed" testListId="8c84fa94-04c1-424b-9868-57a2d4851a1d" relativeResultsDirectory="6e3890d6-99ef-46b0-b2c0-f421bea702da" />
    <UnitTestResult executionId="156fe6aa-b7c9-44ab-b315-e152ad73450b" testId="e1b0ee0f-62a1-81da-2626-deacd7663bb7" testName="SerialFlowModifierRunsTasksInSerial" computerName="LAPTOP-JSJ0CL11" duration="00:00:00.0013740" startTime="2026-08-20T14:21:54.7038321+01:00" endTime="2026-08-20T14:21:54.7052058+01:00" testType="13cdc9d9-ddb5-4fa4-a97d-d965ccfc6d4b" outcome="Passed" testListId="8c84fa94-04c1-424b-9868-57a2d4851a1d" relativeResultsDirectory="156fe6aa-b7c9-44ab-b315-e152ad73450b" />
    <UnitTestResult executionId="3e1ce4f8-3708-4094-b4b1-fe4b4fb07f76" testId="676a80d4-1a61-9dac-90d0-82d32359b0cc" testName="StandardUseOfEnumerators2" computerName="LAPTOP-JSJ0CL11" duration="00:00:00.0004520" startTime="2026-08-20T14:21:54.7058139+01:00" endTime="2026-08-20T14:21:54.7062653+01:00" testType="13cdc9d9-ddb5-4fa4-a97d-d965ccfc6d4b" outcome="Passed" testListId="8c84fa94-04c1-424b-9868-57a2d4851a1d" relativeResultsDirectory="3e1ce4f8-3708-4094-b4b1-fe4b4fb07f76" />
    <UnitTestResult executionId="266378f7-f1ce-4050-9519-8c086e07aeab" testId="9c8c574c-026f-e164-c78b-2b59b7665b9c" testName="MultiThreadedParallelTaskCollection_DisposeWhileRunning_DisposesTasks" computerName="LAPTOP-JSJ0CL11" duration="00:00:00.0252580" startTime="2026-08-20T14:21:49.7247801+01:00" endTime="2026-08-20T14:21:49.7500373+01:00" testType="13cdc9d9-ddb5-4fa4-a97d-d965ccfc6d4b" outcome="Passed" testListId="8c84fa94-04c1-424b-9868-57a2d4851a1d" relativeResultsDirectory="266378f7-f1ce-4050-9519-8c086e07aeab" />
    <UnitTestResult executionId="4ad79086-4e37-4191-8740-e68027bcedc9" testId="1cbf049c-32f7-0f29-9afe-bc617212d3e4" testName="ExtraLean_SyncRunner_ExecutesNestedTasks" computerName="LAPTOP-JSJ0CL11" duration="00:00:00.0005390" startTime="2026-08-20T14:21:54.6540091+01:00" endTime="2026-08-20T14:21:54.6545475+01:00" testType="13cdc9d9-ddb5-4fa4-a97d-d965ccfc6d4b" outcome="Passed" testListId="8c84fa94-04c1-424b-9868-57a2d4851a1d" relativeResultsDirectory="4ad79086-4e37-4191-8740-e68027bcedc9" />
    <UnitTestResult executionId="ba2682ea-25a4-4865-95e8-3d9b02fd639c" testId="3978464b-b0af-b3e2-3406-870e09140289" testName="TaskCollection_Clear_RemovesAllTasks" computerName="LAPTOP-JSJ0CL11" duration="00:00:00.0010820" startTime="2026-08-20T14:21:54.6954456+01:00" endTime="2026-08-20T14:21:54.6965278+01:00" testType="13cdc9d9-ddb5-4fa4-a97d-d965ccfc6d4b" outcome="Passed" testListId="8c84fa94-04c1-424b-9868-57a2d4851a1d" relativeResultsDirectory="ba2682ea-25a4-4865-95e8-3d9b02fd639c" />
    <UnitTestResult executionId="27575906-7b47-4944-a3f2-ec4f4b694407" testId="d771bdda-e095-6736-7ff6-f97744c1a2e4" testName="MultiThreadRunner_Stop_DisposesRunningTasks" computerName="LAPTOP-JSJ0CL11" duration="00:00:00.0155240" startTime="2026-08-20T14:21:52.2281096+01:00" endTime="2026-08-20T14:21:52.2436326+01:00" testType="13cdc9d9-ddb5-4fa4-a97d-d965ccfc6d4b" outcome="Passed" testListId="8c84fa94-04c1-424b-9868-57a2d4851a1d" relativeResultsDirectory="27575906-7b47-4944-a3f2-ec4f4b694407" />
    <UnitTestResult executionId="6bccf52d-9453-443b-bde9-5abd5eb8d778" testId="0fa16bff-3a68-b551-56d2-07c1ded60258" testName="TestExtraLeanEnumerator_InvalidReturn_ThrowsException" computerName="LAPTOP-JSJ0CL11" duration="00:00:00.0055590" startTime="2026-08-20T14:21:48.6391341+01:00" endTime="2026-08-20T14:21:48.6446928+01:00" testType="13cdc9d9-ddb5-4fa4-a97d-d965ccfc6d4b" outcome="Passed" testListId="8c84fa94-04c1-424b-9868-57a2d4851a1d" relativeResultsDirectory="6bccf52d-9453-443b-bde9-5abd5eb8d778">
      <Output>
        <StdOut>-!!!!!!-&gt; &#xD;
   at Svelto.Tasks.Lean.SveltoTaskWrapper`2.&lt;Step&gt;g__ProcessExtraLeanEnumerator|4_0(IEnumerator extraLeanEnumerator, TaskContract&amp; current) in C:\PRGDIR\Svelto\Svelto.Tasks\Svelto.Tasks.Examples\Packages\com.sebaslab.svelto.tasks\Svelto.Tasks\Tasks\Lean\SveltoTaskWrapper.cs:line 180&#xD;
&#xD;
-!!!!!!-&gt; ExtraLean enumerator Svelto.Tasks.Tests.ExtraLeanEnumeratorTests+&lt;&lt;TestExtraLeanEnumerator_InvalidReturn_ThrowsException&gt;g__ExtraLeanInvalid|2_1&gt;d can return only null, Yield.It, Break.It, Break.AndStop and yield break -- catching exception for root task Svelto.Tasks.Tests.ExtraLeanEnumeratorTests+&lt;&lt;TestExtraLeanEnumerator_InvalidReturn_ThrowsException&gt;g__ParentTask|2_0&gt;d&#xD;
   at Svelto.Tasks.Lean.SveltoTaskWrapper`2.&lt;Step&gt;g__ProcessExtraLeanEnumerator|4_0(IEnumerator extraLeanEnumerator, TaskContract&amp; current) in C:\PRGDIR\Svelto\Svelto.Tasks\Svelto.Tasks.Examples\Packages\com.sebaslab.svelto.tasks\Svelto.Tasks\Tasks\Lean\SveltoTaskWrapper.cs:line 180&#xD;
   at Svelto.Tasks.Lean.SveltoTaskWrapper`2.Step(Int32 runningTaskIndexFromRunningTasksToReplace, TombstoneHandle parentSpawnedTaskIndex) in C:\PRGDIR\Svelto\Svelto.Tasks\Svelto.Tasks.Examples\Packages\com.sebaslab.svelto.tasks\Svelto.Tasks\Tasks\Lean\SveltoTaskWrapper.cs:line 111&#xD;
   at Svelto.Tasks.Lean.LeanSveltoTask`1.Svelto.Tasks.ISveltoTask.Step(Int32 runningTaskIndexToReplace, TombstoneHandle parentSpawnedTaskIndex) in C:\PRGDIR\Svelto\Svelto.Tasks\Svelto.Tasks.Examples\Packages\com.sebaslab.svelto.tasks\Svelto.Tasks\Tasks\Lean\LeanSveltoTask.cs:line 71&#xD;
   at Svelto.Tasks.Internal.SveltoTaskRunner`1.Process`1.MoveNext[PlatformProfiler](PlatformProfiler&amp; platformProfiler) in C:\PRGDIR\Svelto\Svelto.Tasks\Svelto.Tasks.Examples\Packages\com.sebaslab.svelto.tasks\Svelto.Tasks\Runners\SveltoTaskRunner.cs:line 132</StdOut>
      </Output>
    </UnitTestResult>
    <UnitTestResult executionId="604a9df5-0ac9-4752-b06b-2c0a000825ab" testId="1ea3d9cf-0593-527f-1145-b9c40e7ce4ea" testName="ExtraLean_InvalidCurrent_ThrowsSveltoTaskException" computerName="LAPTOP-JSJ0CL11" duration="00:00:00.0014170" startTime="2026-08-20T14:21:54.6974006+01:00" endTime="2026-08-20T14:21:54.6988177+01:00" testType="13cdc9d9-ddb5-4fa4-a97d-d965ccfc6d4b" outcome="Passed" testListId="8c84fa94-04c1-424b-9868-57a2d4851a1d" relativeResultsDirectory="604a9df5-0ac9-4752-b06b-2c0a000825ab">
      <Output>
        <StdOut>-!!!!!!-&gt; ExtraLean enumerator can return only null, Yield.It, Break.It, Break.AndStop and yield break -- catching exception for root task Svelto.Tasks.Tests.TaskContractTests+&lt;&lt;ExtraLean_InvalidCurrent_ThrowsSveltoTaskException&gt;g__Invalid|10_0&gt;d&#xD;
   at Svelto.Tasks.ExtraLean.ExtraLeanSveltoTaskCommon.Step[TEnumerator](SveltoTaskState&amp; taskState, TEnumerator&amp; runningTask, Boolean isTaskStruct) in C:\PRGDIR\Svelto\Svelto.Tasks\Svelto.Tasks.Examples\Packages\com.sebaslab.svelto.tasks\Svelto.Tasks\Tasks\ExtraLean\ExtraLeanSveltoTask.cs:line 46&#xD;
   at Svelto.Tasks.ExtraLean.ExtraLeanSveltoTask`1.Svelto.Tasks.ISveltoTask.Step(Int32 runningTaskIndexFromRunningTasksToReplace, TombstoneHandle currentSpawnedTaskToRunIndex) in C:\PRGDIR\Svelto\Svelto.Tasks\Svelto.Tasks.Examples\Packages\com.sebaslab.svelto.tasks\Svelto.Tasks\Tasks\ExtraLean\ExtraLeanSveltoTask.cs:line 217&#xD;
   at Svelto.Tasks.Internal.SveltoTaskRunner`1.Process`1.MoveNext[PlatformProfiler](PlatformProfiler&amp; platformProfiler) in C:\PRGDIR\Svelto\Svelto.Tasks\Svelto.Tasks.Examples\Packages\com.sebaslab.svelto.tasks\Svelto.Tasks\Runners\SveltoTaskRunner.cs:line 132</StdOut>
      </Output>
    </UnitTestResult>
    <UnitTestResult executionId="acff14e1-f349-4699-ac4d-f64ddb147716" testId="23b322e6-2723-5376-ba60-23231b14a7b7" testName="MultiThreadedParallelJobCollection_RunsJobsInParallel" computerName="LAPTOP-JSJ0CL11" duration="00:00:00.0067980" startTime="2026-08-20T14:21:54.6220514+01:00" endTime="2026-08-20T14:21:54.6288483+01:00" testType="13cdc9d9-ddb5-4fa4-a97d-d965ccfc6d4b" outcome="Passed" testListId="8c84fa94-04c1-424b-9868-57a2d4851a1d" relativeResultsDirectory="acff14e1-f349-4699-ac4d-f64ddb147716" />
    <UnitTestResult executionId="29c51578-793d-49d1-81e3-ce6d3d3ffb8a" testId="57d45dd0-1ae6-7737-60a2-01977ea3551f" testName="TestThatAStandardBreakBreaksTheCurrentTaskOnly" computerName="LAPTOP-JSJ0CL11" duration="00:00:00.0112320" startTime="2026-08-20T14:21:54.6761456+01:00" endTime="2026-08-20T14:21:54.6873770+01:00" testType="13cdc9d9-ddb5-4fa4-a97d-d965ccfc6d4b" outcome="Passed" testListId="8c84fa94-04c1-424b-9868-57a2d4851a1d" relativeResultsDirectory="29c51578-793d-49d1-81e3-ce6d3d3ffb8a" />
    <UnitTestResult executionId="4781776c-9583-457b-8a16-088b4e3029af" testId="e89d2df6-c759-eeee-5fab-93b4263322c2" testName="TestExtraLeanEnumerator_BreakAndStop_CompletesParentTask" computerName="LAPTOP-JSJ0CL11" duration="00:00:00.0024270" startTime="2026-08-20T14:21:48.6357017+01:00" endTime="2026-08-20T14:21:48.6381288+01:00" testType="13cdc9d9-ddb5-4fa4-a97d-d965ccfc6d4b" outcome="Passed" testListId="8c84fa94-04c1-424b-9868-57a2d4851a1d" relativeResultsDirectory="4781776c-9583-457b-8a16-088b4e3029af" />
    <UnitTestResult executionId="7573224f-f1a6-48a9-bda4-69cd2fa26e9b" testId="4d4d4cfe-a34a-93c0-0ba6-b04203aa699a" testName="SerialTaskCollection_Reset_AllowsReexecution" computerName="LAPTOP-JSJ0CL11" duration="00:00:00.0001820" startTime="2026-08-20T14:21:54.6946479+01:00" endTime="2026-08-20T14:21:54.6948296+01:00" testType="13cdc9d9-ddb5-4fa4-a97d-d965ccfc6d4b" outcome="Passed" testListId="8c84fa94-04c1-424b-9868-57a2d4851a1d" relativeResultsDirectory="7573224f-f1a6-48a9-bda4-69cd2fa26e9b" />
    <UnitTestResult executionId="616138a6-12e2-408d-9f13-b0018be0d02a" testId="114e0d47-4c9e-cbd2-adbf-3d45c8fdc807" testName="TestThatABreakItBreaksTheCurrentExecution" computerName="LAPTOP-JSJ0CL11" duration="00:00:00.0099919" startTime="2026-08-20T14:21:54.6661344+01:00" endTime="2026-08-20T14:21:54.6761262+01:00" testType="13cdc9d9-ddb5-4fa4-a97d-d965ccfc6d4b" outcome="Passed" testListId="8c84fa94-04c1-424b-9868-57a2d4851a1d" relativeResultsDirectory="616138a6-12e2-408d-9f13-b0018be0d02a" />
    <UnitTestResult executionId="7b59732b-b033-46bb-804f-0a2619ef81a5" testId="22776f80-9c31-e8cb-2f16-1d6d7af7e805" testName="Lean_MultiThreadRunner_RunsTaskOnDifferentThread" computerName="LAPTOP-JSJ0CL11" duration="00:00:00.0144940" startTime="2026-08-20T14:21:52.0747126+01:00" endTime="2026-08-20T14:21:52.0892061+01:00" testType="13cdc9d9-ddb5-4fa4-a97d-d965ccfc6d4b" outcome="Passed" testListId="8c84fa94-04c1-424b-9868-57a2d4851a1d" relativeResultsDirectory="7b59732b-b033-46bb-804f-0a2619ef81a5" />
    <UnitTestResult executionId="d4513540-80ef-4530-83c1-404e096c5195" testId="027053bc-df1d-b0e0-dbc5-979870253df2" testName="TestTaskDisposeCalledOnRunnerDispose" computerName="LAPTOP-JSJ0CL11" duration="00:00:00.0002810" startTime="2026-08-20T14:21:54.7423634+01:00" endTime="2026-08-20T14:21:54.7426439+01:00" testType="13cdc9d9-ddb5-4fa4-a97d-d965ccfc6d4b" outcome="Passed" testListId="8c84fa94-04c1-424b-9868-57a2d4851a1d" relativeResultsDirectory="d4513540-80ef-4530-83c1-404e096c5195" />
    <UnitTestResult executionId="d457ae50-214e-4fd9-9883-6e2496225cc3" testId="ba3bd934-aa38-60b0-8732-9c0bb2393841" testName="MultiThreadRunner_DisposesTasksOnCompletion_NotOnlyOnDispose" computerName="LAPTOP-JSJ0CL11" duration="00:00:00.0140220" startTime="2026-08-20T14:21:52.0901199+01:00" endTime="2026-08-20T14:21:52.1041416+01:00" testType="13cdc9d9-ddb5-4fa4-a97d-d965ccfc6d4b" outcome="Passed" testListId="8c84fa94-04c1-424b-9868-57a2d4851a1d" relativeResultsDirectory="d457ae50-214e-4fd9-9883-6e2496225cc3" />
    <UnitTestResult executionId="2d0076b4-e823-41ca-9940-4172b92c2743" testId="f5eb021e-cc50-681f-7c36-7e3ccc0205f7" testName="TestCompleteWithIEnumerator" computerName="LAPTOP-JSJ0CL11" duration="00:00:00.0002700" startTime="2026-08-20T14:21:54.7069547+01:00" endTime="2026-08-20T14:21:54.7072248+01:00" testType="13cdc9d9-ddb5-4fa4-a97d-d965ccfc6d4b" outcome="Passed" testListId="8c84fa94-04c1-424b-9868-57a2d4851a1d" relativeResultsDirectory="2d0076b4-e823-41ca-9940-4172b92c2743" />
    <UnitTestResult executionId="c09c52bb-f759-448e-bbb4-73b0b0b3d6c1" testId="3982dc9c-04b2-2795-da92-0f67cca4b248" testName="TaskContract_Int_StoresAndRetrievesValue" computerName="LAPTOP-JSJ0CL11" duration="00:00:00.0000900" startTime="2026-08-20T14:21:54.7009707+01:00" endTime="2026-08-20T14:21:54.7010609+01:00" testType="13cdc9d9-ddb5-4fa4-a97d-d965ccfc6d4b" outcome="Passed" testListId="8c84fa94-04c1-424b-9868-57a2d4851a1d" relativeResultsDirectory="c09c52bb-f759-448e-bbb4-73b0b0b3d6c1" />
    <UnitTestResult executionId="f41afc1b-c885-4702-b903-3675d08e0df9" testId="bccccb41-f19a-6dbb-228e-50edb22c58fc" testName="RunSeparateCoroutinesInParallelAndWaitForThem" computerName="LAPTOP-JSJ0CL11" duration="00:00:00.0010330" startTime="2026-08-20T14:21:54.7027803+01:00" endTime="2026-08-20T14:21:54.7038136+01:00" testType="13cdc9d9-ddb5-4fa4-a97d-d965ccfc6d4b" outcome="Passed" testListId="8c84fa94-04c1-424b-9868-57a2d4851a1d" relativeResultsDirectory="f41afc1b-c885-4702-b903-3675d08e0df9" />
    <UnitTestResult executionId="1c88e4a8-fa77-49a3-bdcc-7e72eb11b530" testId="75945694-3177-c6c8-d2bd-6d588087a719" testName="TaskContract_Float_StoresAndRetrievesValue" computerName="LAPTOP-JSJ0CL11" duration="00:00:00.0007330" startTime="2026-08-20T14:21:54.7000286+01:00" endTime="2026-08-20T14:21:54.7007615+01:00" testType="13cdc9d9-ddb5-4fa4-a97d-d965ccfc6d4b" outcome="Passed" testListId="8c84fa94-04c1-424b-9868-57a2d4851a1d" relativeResultsDirectory="1c88e4a8-fa77-49a3-bdcc-7e72eb11b530" />
    <UnitTestResult executionId="6c8a85d8-c4dc-454f-8d68-975663cc1f65" testId="5e42e9eb-87af-1efa-56db-246b9a940404" testName="TestThatABreakAndStopBreaksTheWholeExecution" computerName="LAPTOP-JSJ0CL11" duration="00:00:00.0104169" startTime="2026-08-20T14:21:54.6556881+01:00" endTime="2026-08-20T14:21:54.6661050+01:00" testType="13cdc9d9-ddb5-4fa4-a97d-d965ccfc6d4b" outcome="Passed" testListId="8c84fa94-04c1-424b-9868-57a2d4851a1d" relativeResultsDirectory="6c8a85d8-c4dc-454f-8d68-975663cc1f65" />
    <UnitTestResult executionId="6e02458f-b627-4825-8bdc-044589db9382" testId="3819379b-b24a-f94b-b610-37de373b6866" testName="TestFancyEnumerator" computerName="LAPTOP-JSJ0CL11" duration="00:00:00.0006350" startTime="2026-08-20T14:21:54.7119561+01:00" endTime="2026-08-20T14:21:54.7125906+01:00" testType="13cdc9d9-ddb5-4fa4-a97d-d965ccfc6d4b" outcome="Passed" testListId="8c84fa94-04c1-424b-9868-57a2d4851a1d" relativeResultsDirectory="6e02458f-b627-4825-8bdc-044589db9382" />
    <UnitTestResult executionId="543a7f05-6ec9-44a2-9261-e914710a427e" testId="f7e79d2c-1d01-3984-dd67-06e8d7b509d7" testName="MultiThreadedParallelJobCollection_Dispose_DisposesJobs" computerName="LAPTOP-JSJ0CL11" duration="00:00:00.0046240" startTime="2026-08-20T14:21:54.6174055+01:00" endTime="2026-08-20T14:21:54.6220291+01:00" testType="13cdc9d9-ddb5-4fa4-a97d-d965ccfc6d4b" outcome="Passed" testListId="8c84fa94-04c1-424b-9868-57a2d4851a1d" relativeResultsDirectory="543a7f05-6ec9-44a2-9261-e914710a427e" />
    <UnitTestResult executionId="67ee2177-2499-4090-91b9-ac9a192838f5" testId="384493b3-faa2-8d8e-2fdb-e5abfbc35b02" testName="TaskContract_Bool_StoresAndRetrievesValue" computerName="LAPTOP-JSJ0CL11" duration="00:00:00.0001470" startTime="2026-08-20T14:21:54.6996820+01:00" endTime="2026-08-20T14:21:54.6998288+01:00" testType="13cdc9d9-ddb5-4fa4-a97d-d965ccfc6d4b" outcome="Passed" testListId="8c84fa94-04c1-424b-9868-57a2d4851a1d" relativeResultsDirectory="67ee2177-2499-4090-91b9-ac9a192838f5" />
    <UnitTestResult executionId="6d9e27bb-dfce-4489-93f3-a01e586c7f5e" testId="7caf1f91-aeb2-356e-11cf-9b57343c06ce" testName="TimeBoundFlow_BoundsWorkPerStep" computerName="LAPTOP-JSJ0CL11" duration="00:00:00.0274940" startTime="2026-08-20T14:21:48.6543945+01:00" endTime="2026-08-20T14:21:48.6818879+01:00" testType="13cdc9d9-ddb5-4fa4-a97d-d965ccfc6d4b" outcome="Passed" testListId="8c84fa94-04c1-424b-9868-57a2d4851a1d" relativeResultsDirectory="6d9e27bb-dfce-4489-93f3-a01e586c7f5e" />
    <UnitTestResult executionId="dc288d54-d061-4d06-b771-a1e408ec8620" testId="531a9378-9b2c-7bba-60fa-d642952370ed" testName="SteppableRunner_Kill_StopsAndPreventsReuse" computerName="LAPTOP-JSJ0CL11" duration="00:00:00.0005520" startTime="2026-08-20T14:21:54.6497563+01:00" endTime="2026-08-20T14:21:54.6503086+01:00" testType="13cdc9d9-ddb5-4fa4-a97d-d965ccfc6d4b" outcome="Passed" testListId="8c84fa94-04c1-424b-9868-57a2d4851a1d" relativeResultsDirectory="dc288d54-d061-4d06-b771-a1e408ec8620" />
    <UnitTestResult executionId="d6490211-2927-4762-b13e-ad7ff731422e" testId="bedea709-13bc-f4fd-11fb-7205cecfbb14" testName="SteppableRunner_FlushClearsTasksAndAllowsReuse" computerName="LAPTOP-JSJ0CL11" duration="00:00:00.0004630" startTime="2026-08-20T14:21:54.6492746+01:00" endTime="2026-08-20T14:21:54.6497373+01:00" testType="13cdc9d9-ddb5-4fa4-a97d-d965ccfc6d4b" outcome="Passed" testListId="8c84fa94-04c1-424b-9868-57a2d4851a1d" relativeResultsDirectory="d6490211-2927-4762-b13e-ad7ff731422e" />
    <UnitTestResult executionId="79c2bfd5-68ef-477d-aca0-864614d3d3d8" testId="34397d56-d2c9-7dd5-1b42-fe9e48c5ab57" testName="MultiThreadRunner_PausePreventsProgress_UntilResume" computerName="LAPTOP-JSJ0CL11" duration="00:00:00.1238970" startTime="2026-08-20T14:21:52.1041756+01:00" endTime="2026-08-20T14:21:52.2280718+01:00" testType="13cdc9d9-ddb5-4fa4-a97d-d965ccfc6d4b" outcome="Passed" testListId="8c84fa94-04c1-424b-9868-57a2d4851a1d" relativeResultsDirectory="79c2bfd5-68ef-477d-aca0-864614d3d3d8" />
    <UnitTestResult executionId="173c3408-153f-443f-98a2-2e6b477a0d2d" testId="40423bd1-06db-bab4-7289-bd613a61aa10" testName="SteppableRunner_Stop_AllowsReuseAfterFlush_AndQueuedTasksDuringStopRunAfterward" computerName="LAPTOP-JSJ0CL11" duration="00:00:00.0007680" startTime="2026-08-20T14:21:54.6503291+01:00" endTime="2026-08-20T14:21:54.6510973+01:00" testType="13cdc9d9-ddb5-4fa4-a97d-d965ccfc6d4b" outcome="Passed" testListId="8c84fa94-04c1-424b-9868-57a2d4851a1d" relativeResultsDirectory="173c3408-153f-443f-98a2-2e6b477a0d2d" />
    <UnitTestResult executionId="a919fe16-f8f3-4c6e-b91e-7f7924ab516b" testId="b77a23e7-a97b-b701-2f77-919d869e039d" testName="Lean_SyncRunner_RunsTaskSynchronously" computerName="LAPTOP-JSJ0CL11" duration="00:00:00.0002860" startTime="2026-08-20T14:21:54.6553052+01:00" endTime="2026-08-20T14:21:54.6555912+01:00" testType="13cdc9d9-ddb5-4fa4-a97d-d965ccfc6d4b" outcome="Passed" testListId="8c84fa94-04c1-424b-9868-57a2d4851a1d" relativeResultsDirectory="a919fe16-f8f3-4c6e-b91e-7f7924ab516b" />
    <UnitTestResult executionId="ced4e91b-0a84-44b7-9ec4-8e9eec1d9045" testId="7cf187ad-40f2-b291-da97-82fe7bffbc10" testName="Lean_SteppableRunner_StepsThroughTask" computerName="LAPTOP-JSJ0CL11" duration="00:00:00.0004030" startTime="2026-08-20T14:21:54.6534831+01:00" endTime="2026-08-20T14:21:54.6538862+01:00" testType="13cdc9d9-ddb5-4fa4-a97d-d965ccfc6d4b" outcome="Passed" testListId="8c84fa94-04c1-424b-9868-57a2d4851a1d" relativeResultsDirectory="ced4e91b-0a84-44b7-9ec4-8e9eec1d9045" />
    <UnitTestResult executionId="8209f0ed-2151-4f77-ac4f-9c0cb307be00" testId="179557a5-2342-8d9d-af89-790c6845dfb7" testName="Pool_DisposeIsIdempotent" computerName="LAPTOP-JSJ0CL11" duration="00:00:00.0031730" startTime="2026-08-20T14:21:51.7941284+01:00" endTime="2026-08-20T14:21:51.7972984+01:00" testType="13cdc9d9-ddb5-4fa4-a97d-d965ccfc6d4b" outcome="Passed" testListId="8c84fa94-04c1-424b-9868-57a2d4851a1d" relativeResultsDirectory="8209f0ed-2151-4f77-ac4f-9c0cb307be00" />
    <UnitTestResult executionId="b21c012b-faed-417c-96f0-8554794b633a" testId="8e566b37-0331-0c3b-454c-eb270b5babd5" testName="MultiThreadRunner_StopThenDispose_DoesNotDeadlock" computerName="LAPTOP-JSJ0CL11" duration="00:00:00.0196210" startTime="2026-08-20T14:21:54.6290222+01:00" endTime="2026-08-20T14:21:54.6486424+01:00" testType="13cdc9d9-ddb5-4fa4-a97d-d965ccfc6d4b" outcome="Passed" testListId="8c84fa94-04c1-424b-9868-57a2d4851a1d" relativeResultsDirectory="b21c012b-faed-417c-96f0-8554794b633a" />
    <UnitTestResult executionId="4ecc4b43-9b95-4bbb-9c64-157db61b9459" testId="69254c4f-22ec-836d-8fa4-874ceb0a21b3" testName="TaskYieldingAnotherTaskRunningOnAnotherRunner" computerName="LAPTOP-JSJ0CL11" duration="00:00:00.0006570" startTime="2026-08-20T14:21:54.7062813+01:00" endTime="2026-08-20T14:21:54.7069383+01:00" testType="13cdc9d9-ddb5-4fa4-a97d-d965ccfc6d4b" outcome="Passed" testListId="8c84fa94-04c1-424b-9868-57a2d4851a1d" relativeResultsDirectory="4ecc4b43-9b95-4bbb-9c64-157db61b9459" />
    <UnitTestResult executionId="bd36e23c-170a-472b-9ff5-c6090659bb6a" testId="d0053b03-38c2-fb6c-a810-0f55e839d86f" testName="ExtraLean_SteppableRunner_StepsThroughTask" computerName="LAPTOP-JSJ0CL11" duration="00:00:00.0016700" startTime="2026-08-20T14:21:54.6517931+01:00" endTime="2026-08-20T14:21:54.6534626+01:00" testType="13cdc9d9-ddb5-4fa4-a97d-d965ccfc6d4b" outcome="Passed" testListId="8c84fa94-04c1-424b-9868-57a2d4851a1d" relativeResultsDirectory="bd36e23c-170a-472b-9ff5-c6090659bb6a" />
    <UnitTestResult executionId="2f5f9e76-f7da-44cd-8643-1ec35985e39c" testId="75d9fdf1-8c1f-43d3-fe3b-f5816d0db565" testName="ExtraLean_MultiThreadRunner_DisposesTasksOnCompletion_NotOnlyOnDispose" computerName="LAPTOP-JSJ0CL11" duration="00:00:00.0071020" startTime="2026-08-20T14:21:52.0513572+01:00" endTime="2026-08-20T14:21:52.0584579+01:00" testType="13cdc9d9-ddb5-4fa4-a97d-d965ccfc6d4b" outcome="Passed" testListId="8c84fa94-04c1-424b-9868-57a2d4851a1d" relativeResultsDirectory="2f5f9e76-f7da-44cd-8643-1ec35985e39c" />
    <UnitTestResult executionId="c0864d6d-053b-4ff9-a2e4-10ae8a88f06a" testId="b7b49fc9-984c-87e6-4f51-a863beffc50f" testName="ExtraLean_MultiThreadRunner_RunsTaskOnDifferentThread" computerName="LAPTOP-JSJ0CL11" duration="00:00:00.0161800" startTime="2026-08-20T14:21:52.0584967+01:00" endTime="2026-08-20T14:21:52.0746758+01:00" testType="13cdc9d9-ddb5-4fa4-a97d-d965ccfc6d4b" outcome="Passed" testListId="8c84fa94-04c1-424b-9868-57a2d4851a1d" relativeResultsDirectory="c0864d6d-053b-4ff9-a2e4-10ae8a88f06a" />
    <UnitTestResult executionId="ca73be25-e33d-432f-9762-100c603f7fbd" testId="5827375e-171b-bf60-ec4d-e07deea3721b" testName="TestExtraLeanEnumerator_BreakIt_ContinuesParentTask" computerName="LAPTOP-JSJ0CL11" duration="00:00:00.0009820" startTime="2026-08-20T14:21:48.6381394+01:00" endTime="2026-08-20T14:21:48.6391213+01:00" testType="13cdc9d9-ddb5-4fa4-a97d-d965ccfc6d4b" outcome="Passed" testListId="8c84fa94-04c1-424b-9868-57a2d4851a1d" relativeResultsDirectory="ca73be25-e33d-432f-9762-100c603f7fbd" />
    <UnitTestResult executionId="da22081a-c73a-4607-8e44-3ff6b2ab266f" testId="8c1193c6-a0a1-edf8-44ea-45001a175416" testName="ExtraLean_MultiThreadRunner_Dispose_DisposesQueuedTasks" computerName="LAPTOP-JSJ0CL11" duration="00:00:00.0225060" startTime="2026-08-20T14:21:52.0287285+01:00" endTime="2026-08-20T14:21:52.0512343+01:00" testType="13cdc9d9-ddb5-4fa4-a97d-d965ccfc6d4b" outcome="Failed" testListId="8c84fa94-04c1-424b-9868-57a2d4851a1d" relativeResultsDirectory="da22081a-c73a-4607-8e44-3ff6b2ab266f">
      <Output>
        <ErrorInfo>
          <Message>  Assert.That(disposableTask.disposed, Is.True)&#xD;
  Expected: True&#xD;
  But was:  False&#xD;
</Message>
          <StackTrace>   at Svelto.Tasks.Tests.MultiThreadRunnerTests.ExtraLean_MultiThreadRunner_Dispose_DisposesQueuedTasks() in C:\PRGDIR\Svelto\Svelto.Tasks\Svelto.Tasks.Examples\Packages\com.sebaslab.svelto.tasks\Svelto.Tasks.Tests~\MultiThreadRunnerTests.cs:line 370&#xD;

1)    at Svelto.Tasks.Tests.MultiThreadRunnerTests.ExtraLean_MultiThreadRunner_Dispose_DisposesQueuedTasks() in C:\PRGDIR\Svelto\Svelto.Tasks\Svelto.Tasks.Examples\Packages\com.sebaslab.svelto.tasks\Svelto.Tasks.Tests~\MultiThreadRunnerTests.cs:line 370&#xD;

</StackTrace>
        </ErrorInfo>
      </Output>
    </UnitTestResult>
    <UnitTestResult executionId="f78ef16c-ea3a-4ee6-961c-bb578400b772" testId="8457f3bd-50cd-d1ac-1ea6-577cdab9ce2c" testName="TestCompleteWithTaskContract" computerName="LAPTOP-JSJ0CL11" duration="00:00:00.0003379" startTime="2026-08-20T14:21:54.7075495+01:00" endTime="2026-08-20T14:21:54.7078874+01:00" testType="13cdc9d9-ddb5-4fa4-a97d-d965ccfc6d4b" outcome="Passed" testListId="8c84fa94-04c1-424b-9868-57a2d4851a1d" relativeResultsDirectory="f78ef16c-ea3a-4ee6-961c-bb578400b772" />
    <UnitTestResult executionId="69a5972b-d724-4312-a1b2-3fbd9447eeec" testId="d3b2be3b-d498-1b10-f057-9133ad68d1e0" testName="StaggeredFlow_LimitsTasksPerIteration" computerName="LAPTOP-JSJ0CL11" duration="00:00:00.0022600" startTime="2026-08-20T14:21:48.6521165+01:00" endTime="2026-08-20T14:21:48.6543767+01:00" testType="13cdc9d9-ddb5-4fa4-a97d-d965ccfc6d4b" outcome="Passed" testListId="8c84fa94-04c1-424b-9868-57a2d4851a1d" relativeResultsDirectory="69a5972b-d724-4312-a1b2-3fbd9447eeec" />
    <UnitTestResult executionId="afb71a70-b23a-4e1f-acd0-2db8eb695948" testId="70afa5a1-04ab-d30d-7476-f85892cb6ad3" testName="Pool_AddTaskAfterDispose_Throws" computerName="LAPTOP-JSJ0CL11" duration="00:00:00.0145790" startTime="2026-08-20T14:21:51.7793912+01:00" endTime="2026-08-20T14:21:51.7939650+01:00" testType="13cdc9d9-ddb5-4fa4-a97d-d965ccfc6d4b" outcome="Passed" testListId="8c84fa94-04c1-424b-9868-57a2d4851a1d" relativeResultsDirectory="afb71a70-b23a-4e1f-acd0-2db8eb695948" />
    <UnitTestResult executionId="2c1e60f4-6927-4f3e-93f9-7c41b142ef98" testId="90a4d288-b6f3-ddfa-e2c9-657a1e07782e" testName="Lean_SyncRunner_ExecutesNestedTasks" computerName="LAPTOP-JSJ0CL11" duration="00:00:00.0004120" startTime="2026-08-20T14:21:54.6548755+01:00" endTime="2026-08-20T14:21:54.6552871+01:00" testType="13cdc9d9-ddb5-4fa4-a97d-d965ccfc6d4b" outcome="Passed" testListId="8c84fa94-04c1-424b-9868-57a2d4851a1d" relativeResultsDirectory="2c1e60f4-6927-4f3e-93f9-7c41b142ef98" />
    <UnitTestResult executionId="eb8eea73-f863-4af9-b9f6-6d24b533ef88" testId="bf3d9a66-69ab-069b-043c-ff600a675475" testName="TaskContract_Uint_StoresAndRetrievesValue" computerName="LAPTOP-JSJ0CL11" duration="00:00:00.0006060" startTime="2026-08-20T14:21:54.7012109+01:00" endTime="2026-08-20T14:21:54.7018167+01:00" testType="13cdc9d9-ddb5-4fa4-a97d-d965ccfc6d4b" outcome="Passed" testListId="8c84fa94-04c1-424b-9868-57a2d4851a1d" relativeResultsDirectory="eb8eea73-f863-4af9-b9f6-6d24b533ef88" />
    <UnitTestResult executionId="c9aab694-1c28-4d3f-9e13-4c56b0dee85d" testId="cb27b032-6f26-a2a1-f2cc-1bbe328e48fc" testName="TaskContract_Ulong_StoresAndRetrievesValue" computerName="LAPTOP-JSJ0CL11" duration="00:00:00.0005920" startTime="2026-08-20T14:21:54.7018339+01:00" endTime="2026-08-20T14:21:54.7024262+01:00" testType="13cdc9d9-ddb5-4fa4-a97d-d965ccfc6d4b" outcome="Passed" testListId="8c84fa94-04c1-424b-9868-57a2d4851a1d" relativeResultsDirectory="c9aab694-1c28-4d3f-9e13-4c56b0dee85d" />
    <UnitTestResult executionId="65edeb86-9d8f-46ad-aa9c-2831a1983eaf" testId="51c4f99c-1f21-27ae-0f6f-463fe39d5455" testName="TaskCollection_AddWhileRunning_Throws" computerName="LAPTOP-JSJ0CL11" duration="00:00:00.0005890" startTime="2026-08-20T14:21:54.6948387+01:00" endTime="2026-08-20T14:21:54.6954273+01:00" testType="13cdc9d9-ddb5-4fa4-a97d-d965ccfc6d4b" outcome="Passed" testListId="8c84fa94-04c1-424b-9868-57a2d4851a1d" relativeResultsDirectory="65edeb86-9d8f-46ad-aa9c-2831a1983eaf" />
    <UnitTestResult executionId="e078c63a-f089-4573-97a8-69020c64fa2f" testId="c07d5fa2-f748-72f8-4cdd-7c1fac9712b8" testName="SerialTaskCollection_ExecutesTasksInOrder_AndIsReusable" computerName="LAPTOP-JSJ0CL11" duration="00:00:00.0015360" startTime="2026-08-20T14:21:54.6930946+01:00" endTime="2026-08-20T14:21:54.6946304+01:00" testType="13cdc9d9-ddb5-4fa4-a97d-d965ccfc6d4b" outcome="Passed" testListId="8c84fa94-04c1-424b-9868-57a2d4851a1d" relativeResultsDirectory="e078c63a-f089-4573-97a8-69020c64fa2f" />
    <UnitTestResult executionId="1193dc77-c9ad-44b0-883b-7c0598a29926" testId="8c5d39e9-be39-e38a-0431-9158b19fc4ef" testName="TestEnumeratorContinuingEnumeratorReturningValue" computerName="LAPTOP-JSJ0CL11" duration="00:00:00.0030030" startTime="2026-08-20T14:21:54.7079029+01:00" endTime="2026-08-20T14:21:54.7109059+01:00" testType="13cdc9d9-ddb5-4fa4-a97d-d965ccfc6d4b" outcome="Passed" testListId="8c84fa94-04c1-424b-9868-57a2d4851a1d" relativeResultsDirectory="1193dc77-c9ad-44b0-883b-7c0598a29926" />
    <UnitTestResult executionId="34afc282-a07f-485a-ade5-3459b194be89" testId="abae3cc0-f23b-d56a-aa95-dbc3f29f92b0" testName="TestCrazyMultiThread" computerName="LAPTOP-JSJ0CL11" duration="00:00:00.3092520" startTime="2026-08-20T14:21:52.2594282+01:00" endTime="2026-08-20T14:21:52.5686802+01:00" testType="13cdc9d9-ddb5-4fa4-a97d-d965ccfc6d4b" outcome="Passed" testListId="8c84fa94-04c1-424b-9868-57a2d4851a1d" relativeResultsDirectory="34afc282-a07f-485a-ade5-3459b194be89" />
    <UnitTestResult executionId="7af3f8c7-6bc6-495d-a26e-0ac2dd23140f" testId="43036f82-18d1-c744-ac11-438d6c8c0b52" testName="ExtraLean_SyncRunner_RunsTaskSynchronously" computerName="LAPTOP-JSJ0CL11" duration="00:00:00.0002920" startTime="2026-08-20T14:21:54.6545671+01:00" endTime="2026-08-20T14:21:54.6548590+01:00" testType="13cdc9d9-ddb5-4fa4-a97d-d965ccfc6d4b" outcome="Passed" testListId="8c84fa94-04c1-424b-9868-57a2d4851a1d" relativeResultsDirectory="7af3f8c7-6bc6-495d-a26e-0ac2dd23140f" />
    <UnitTestResult executionId="7ef71bd7-f911-4533-b193-bdc15894c574" testId="f8cff049-44a8-3b6c-16b9-e8b52a180b21" testName="TaskContract_String_StoresAndRetrievesValue" computerName="LAPTOP-JSJ0CL11" duration="00:00:00.0001280" startTime="2026-08-20T14:21:54.7010752+01:00" endTime="2026-08-20T14:21:54.7012027+01:00" testType="13cdc9d9-ddb5-4fa4-a97d-d965ccfc6d4b" outcome="Passed" testListId="8c84fa94-04c1-424b-9868-57a2d4851a1d" relativeResultsDirectory="7ef71bd7-f911-4533-b193-bdc15894c574" />
    <UnitTestResult executionId="e57c5573-a470-4a4e-9f2b-2f9a19e62e0e" testId="53dbe69d-c163-b421-fe88-796ee04a1f2b" testName="MultiThreadRunner_StopFlushesRunningTasks" computerName="LAPTOP-JSJ0CL11" duration="00:00:00.0155190" startTime="2026-08-20T14:21:52.2438407+01:00" endTime="2026-08-20T14:21:52.2593596+01:00" testType="13cdc9d9-ddb5-4fa4-a97d-d965ccfc6d4b" outcome="Passed" testListId="8c84fa94-04c1-424b-9868-57a2d4851a1d" relativeResultsDirectory="e57c5573-a470-4a4e-9f2b-2f9a19e62e0e" />
    <UnitTestResult executionId="8aff5896-450e-4352-8f3d-591e471ffa5c" testId="1e6e8296-3aa2-a135-cc42-63c90948e8fc" testName="TestTaskContractReturningIEnumerator" computerName="LAPTOP-JSJ0CL11" duration="00:00:00.0007500" startTime="2026-08-20T14:21:54.7284830+01:00" endTime="2026-08-20T14:21:54.7292324+01:00" testType="13cdc9d9-ddb5-4fa4-a97d-d965ccfc6d4b" outcome="Passed" testListId="8c84fa94-04c1-424b-9868-57a2d4851a1d" relativeResultsDirectory="8aff5896-450e-4352-8f3d-591e471ffa5c" />
    <UnitTestResult executionId="fd278bda-333e-460c-a41e-0bdcc77ad963" testId="a0749e86-c934-0f09-4b05-b67f4fe9e467" testName="MultiThreadedParallelTaskCollection_RunsTasksInParallel" computerName="LAPTOP-JSJ0CL11" duration="00:00:01.0098990" startTime="2026-08-20T14:21:50.7541627+01:00" endTime="2026-08-20T14:21:51.7640603+01:00" testType="13cdc9d9-ddb5-4fa4-a97d-d965ccfc6d4b" outcome="Passed" testListId="8c84fa94-04c1-424b-9868-57a2d4851a1d" relativeResultsDirectory="fd278bda-333e-460c-a41e-0bdcc77ad963" />
    <UnitTestResult executionId="538f22a1-0ded-4341-b4b1-8e244836b5c3" testId="d353a80f-5367-74b5-201a-cda740c4ded1" testName="SerialFlow_RunsTasksSequentially" computerName="LAPTOP-JSJ0CL11" duration="00:00:00.0072840" startTime="2026-08-20T14:21:48.6448129+01:00" endTime="2026-08-20T14:21:48.6520970+01:00" testType="13cdc9d9-ddb5-4fa4-a97d-d965ccfc6d4b" outcome="Passed" testListId="8c84fa94-04c1-424b-9868-57a2d4851a1d" relativeResultsDirectory="538f22a1-0ded-4341-b4b1-8e244836b5c3" />
    <UnitTestResult executionId="77b6fc64-43ad-49f1-ac2e-16869867e7b0" testId="279db805-535d-a813-c3e4-14ccd3d5a638" testName="Forget_RunsChildButParentDoesNotWait" computerName="LAPTOP-JSJ0CL11" duration="00:00:00.0008280" startTime="2026-08-20T14:21:54.6988373+01:00" endTime="2026-08-20T14:21:54.6996651+01:00" testType="13cdc9d9-ddb5-4fa4-a97d-d965ccfc6d4b" outcome="Passed" testListId="8c84fa94-04c1-424b-9868-57a2d4851a1d" relativeResultsDirectory="77b6fc64-43ad-49f1-ac2e-16869867e7b0" />
    <UnitTestResult executionId="479ed2ac-8439-4e5a-94dd-4262836ba127" testId="3188e82a-c769-a67b-b22f-28f325f7fbb6" testName="MultiThreadedParallelTaskCollection_DisposeWithoutStarting_DisposesTasks" computerName="LAPTOP-JSJ0CL11" duration="00:00:00.0008610" startTime="2026-08-20T14:21:49.7501139+01:00" endTime="2026-08-20T14:21:49.7509753+01:00" testType="13cdc9d9-ddb5-4fa4-a97d-d965ccfc6d4b" outcome="Passed" testListId="8c84fa94-04c1-424b-9868-57a2d4851a1d" relativeResultsDirectory="479ed2ac-8439-4e5a-94dd-4262836ba127" />
    <UnitTestResult executionId="339dd041-d3c1-440b-88ef-d5ab07eb50fa" testId="77ca9c81-db98-ff4c-572f-4485eef75a9d" testName="TestThatSveltoAwaiterContinuationDoesNotRunWhenRunnerStops" computerName="LAPTOP-JSJ0CL11" duration="00:00:00.2248480" startTime="2026-08-20T14:21:48.4083031+01:00" endTime="2026-08-20T14:21:48.6331160+01:00" testType="13cdc9d9-ddb5-4fa4-a97d-d965ccfc6d4b" outcome="Passed" testListId="8c84fa94-04c1-424b-9868-57a2d4851a1d" relativeResultsDirectory="339dd041-d3c1-440b-88ef-d5ab07eb50fa" />
    <UnitTestResult executionId="2a8c27d8-256e-41b5-a58f-180b82588e28" testId="4ec93c6f-6e3c-9fe9-c8b9-09ffb710c4f6" testName="TestJobDisposeCalledOnMultiThreadRunnerDispose" computerName="LAPTOP-JSJ0CL11" duration="00:00:00.0145380" startTime="2026-08-20T14:21:54.7126061+01:00" endTime="2026-08-20T14:21:54.7271442+01:00" testType="13cdc9d9-ddb5-4fa4-a97d-d965ccfc6d4b" outcome="Passed" testListId="8c84fa94-04c1-424b-9868-57a2d4851a1d" relativeResultsDirectory="2a8c27d8-256e-41b5-a58f-180b82588e28" />
    <UnitTestResult executionId="1c609fce-948f-4f92-be03-7897a1e7d506" testId="d6704f5e-36b8-e1a3-8f3e-3a3ca8caceed" testName="TestTaskReturningTheContinuationOfOtherTasks" computerName="LAPTOP-JSJ0CL11" duration="00:00:00.0010200" startTime="2026-08-20T14:21:54.7426618+01:00" endTime="2026-08-20T14:21:54.7436818+01:00" testType="13cdc9d9-ddb5-4fa4-a97d-d965ccfc6d4b" outcome="Passed" testListId="8c84fa94-04c1-424b-9868-57a2d4851a1d" relativeResultsDirectory="1c609fce-948f-4f92-be03-7897a1e7d506" />
    <UnitTestResult executionId="d8f858c2-0795-4f56-8614-7915a4879cca" testId="17f86dd8-04cd-0aa5-0e7f-6cdaa1c1464c" testName="SteppableRunner_StopPreventsNewTasksFromStartingUntilSteppedAndUnstopped" computerName="LAPTOP-JSJ0CL11" duration="00:00:00.0004460" startTime="2026-08-20T14:21:54.6511264+01:00" endTime="2026-08-20T14:21:54.6515726+01:00" testType="13cdc9d9-ddb5-4fa4-a97d-d965ccfc6d4b" outcome="Passed" testListId="8c84fa94-04c1-424b-9868-57a2d4851a1d" relativeResultsDirectory="d8f858c2-0795-4f56-8614-7915a4879cca" />
  </Results>
  <TestDefinitions>
    <UnitTest name="TestEnumeratorContinuingEnumeratorReturningValue" storage="c:\prgdir\svelto\svelto.tasks\svelto.tasks.examples\packages\com.sebaslab.svelto.tasks\svelto.tasks.tests~\bin~\debug\net9.0\svelto.tasks.tests.dll" id="8c5d39e9-be39-e38a-0431-9158b19fc4ef">
      <Execution id="1193dc77-c9ad-44b0-883b-7c0598a29926" />
      <TestMethod codeBase="C:\PRGDIR\Svelto\Svelto.Tasks\Svelto.Tasks.Examples\Packages\com.sebaslab.svelto.tasks\Svelto.Tasks.Tests~\bin~\Debug\net9.0\Svelto.Tasks.Tests.dll" adapterTypeName="executor://nunit3testexecutor/" className="Svelto.Tasks.Tests.TaskRunnerTests" name="TestEnumeratorContinuingEnumeratorReturningValue" />
    </UnitTest>
    <UnitTest name="TestThatSveltoAwaiterContinuationDoesNotRunWhenRunnerStops" storage="c:\prgdir\svelto\svelto.tasks\svelto.tasks.examples\packages\com.sebaslab.svelto.tasks\svelto.tasks.tests~\bin~\debug\net9.0\svelto.tasks.tests.dll" id="77ca9c81-db98-ff4c-572f-4485eef75a9d">
      <Execution id="339dd041-d3c1-440b-88ef-d5ab07eb50fa" />
      <TestMethod codeBase="C:\PRGDIR\Svelto\Svelto.Tasks\Svelto.Tasks.Examples\Packages\com.sebaslab.svelto.tasks\Svelto.Tasks.Tests~\bin~\Debug\net9.0\Svelto.Tasks.Tests.dll" adapterTypeName="executor://nunit3testexecutor/" className="Svelto.Tasks.Tests.AwaiterTests" name="TestThatSveltoAwaiterContinuationDoesNotRunWhenRunnerStops" />
    </UnitTest>
    <UnitTest name="Lean_SyncRunner_RunsTaskSynchronously" storage="c:\prgdir\svelto\svelto.tasks\svelto.tasks.examples\packages\com.sebaslab.svelto.tasks\svelto.tasks.tests~\bin~\debug\net9.0\svelto.tasks.tests.dll" id="b77a23e7-a97b-b701-2f77-919d869e039d">
      <Execution id="a919fe16-f8f3-4c6e-b91e-7f7924ab516b" />
      <TestMethod codeBase="C:\PRGDIR\Svelto\Svelto.Tasks\Svelto.Tasks.Examples\Packages\com.sebaslab.svelto.tasks\Svelto.Tasks.Tests~\bin~\Debug\net9.0\Svelto.Tasks.Tests.dll" adapterTypeName="executor://nunit3testexecutor/" className="Svelto.Tasks.Tests.SyncRunnerTests" name="Lean_SyncRunner_RunsTaskSynchronously" />
    </UnitTest>
    <UnitTest name="ParallelTaskCollection_AllowsTasksToOverlap" storage="c:\prgdir\svelto\svelto.tasks\svelto.tasks.examples\packages\com.sebaslab.svelto.tasks\svelto.tasks.tests~\bin~\debug\net9.0\svelto.tasks.tests.dll" id="9fdd8bbb-fcd1-9994-a6e5-9f7c3dd9c3f8">
      <Execution id="515824d3-f6e9-4977-afee-a7a21f8611cf" />
      <TestMethod codeBase="C:\PRGDIR\Svelto\Svelto.Tasks\Svelto.Tasks.Examples\Packages\com.sebaslab.svelto.tasks\Svelto.Tasks.Tests~\bin~\Debug\net9.0\Svelto.Tasks.Tests.dll" adapterTypeName="executor://nunit3testexecutor/" className="Svelto.Tasks.Tests.TaskCollectionTests" name="ParallelTaskCollection_AllowsTasksToOverlap" />
    </UnitTest>
    <UnitTest name="TimeSlicedFlow_RunsTasksUntilTimeLimit" storage="c:\prgdir\svelto\svelto.tasks\svelto.tasks.examples\packages\com.sebaslab.svelto.tasks\svelto.tasks.tests~\bin~\debug\net9.0\svelto.tasks.tests.dll" id="63b640f2-ab40-595b-d960-25d2fb7c7d50">
      <Execution id="e7843813-e220-48b2-a0ad-450dcc2f7c1a" />
      <TestMethod codeBase="C:\PRGDIR\Svelto\Svelto.Tasks\Svelto.Tasks.Examples\Packages\com.sebaslab.svelto.tasks\Svelto.Tasks.Tests~\bin~\Debug\net9.0\Svelto.Tasks.Tests.dll" adapterTypeName="executor://nunit3testexecutor/" className="Svelto.Tasks.Tests.FlowModifiersTests" name="TimeSlicedFlow_RunsTasksUntilTimeLimit" />
    </UnitTest>
    <UnitTest name="TestTaskDisposeCalledOnMultiThreadRunnerDispose" storage="c:\prgdir\svelto\svelto.tasks\svelto.tasks.examples\packages\com.sebaslab.svelto.tasks\svelto.tasks.tests~\bin~\debug\net9.0\svelto.tasks.tests.dll" id="59578231-f9bc-224d-095f-dcafbd71aca7">
      <Execution id="735ed9e7-55b8-4476-8d2d-945356a7f74f" />
      <TestMethod codeBase="C:\PRGDIR\Svelto\Svelto.Tasks\Svelto.Tasks.Examples\Packages\com.sebaslab.svelto.tasks\Svelto.Tasks.Tests~\bin~\Debug\net9.0\Svelto.Tasks.Tests.dll" adapterTypeName="executor://nunit3testexecutor/" className="Svelto.Tasks.Tests.TaskRunnerTests" name="TestTaskDisposeCalledOnMultiThreadRunnerDispose" />
    </UnitTest>
    <UnitTest name="Pool_AddTaskAfterDispose_Throws" storage="c:\prgdir\svelto\svelto.tasks\svelto.tasks.examples\packages\com.sebaslab.svelto.tasks\svelto.tasks.tests~\bin~\debug\net9.0\svelto.tasks.tests.dll" id="70afa5a1-04ab-d30d-7476-f85892cb6ad3">
      <Execution id="afb71a70-b23a-4e1f-acd0-2db8eb695948" />
      <TestMethod codeBase="C:\PRGDIR\Svelto\Svelto.Tasks\Svelto.Tasks.Examples\Packages\com.sebaslab.svelto.tasks\Svelto.Tasks.Tests~\bin~\Debug\net9.0\Svelto.Tasks.Tests.dll" adapterTypeName="executor://nunit3testexecutor/" className="Svelto.Tasks.Tests.MultiThreadRunnerPoolTests" name="Pool_AddTaskAfterDispose_Throws" />
    </UnitTest>
    <UnitTest name="TaskCollection_Clear_RemovesAllTasks" storage="c:\prgdir\svelto\svelto.tasks\svelto.tasks.examples\packages\com.sebaslab.svelto.tasks\svelto.tasks.tests~\bin~\debug\net9.0\svelto.tasks.tests.dll" id="3978464b-b0af-b3e2-3406-870e09140289">
      <Execution id="ba2682ea-25a4-4865-95e8-3d9b02fd639c" />
      <TestMethod codeBase="C:\PRGDIR\Svelto\Svelto.Tasks\Svelto.Tasks.Examples\Packages\com.sebaslab.svelto.tasks\Svelto.Tasks.Tests~\bin~\Debug\net9.0\Svelto.Tasks.Tests.dll" adapterTypeName="executor://nunit3testexecutor/" className="Svelto.Tasks.Tests.TaskCollectionTests" name="TaskCollection_Clear_RemovesAllTasks" />
    </UnitTest>
    <UnitTest name="TestTaskDisposeCalledOnCompletion" storage="c:\prgdir\svelto\svelto.tasks\svelto.tasks.examples\packages\com.sebaslab.svelto.tasks\svelto.tasks.tests~\bin~\debug\net9.0\svelto.tasks.tests.dll" id="68c3c3b2-78a9-901e-5694-494acb1be643">
      <Execution id="a6b38312-8c76-497b-9b14-23cb7ea3e30b" />
      <TestMethod codeBase="C:\PRGDIR\Svelto\Svelto.Tasks\Svelto.Tasks.Examples\Packages\com.sebaslab.svelto.tasks\Svelto.Tasks.Tests~\bin~\Debug\net9.0\Svelto.Tasks.Tests.dll" adapterTypeName="executor://nunit3testexecutor/" className="Svelto.Tasks.Tests.TaskRunnerTests" name="TestTaskDisposeCalledOnCompletion" />
    </UnitTest>
    <UnitTest name="MultiThreadedParallelTaskCollection_ExtraLean_RunsTasksInParallel" storage="c:\prgdir\svelto\svelto.tasks\svelto.tasks.examples\packages\com.sebaslab.svelto.tasks\svelto.tasks.tests~\bin~\debug\net9.0\svelto.tasks.tests.dll" id="2a26e8f7-1252-983f-7c5c-314fdf57840a">
      <Execution id="67ab82b7-f229-42bc-a689-7a20e82695a3" />
      <TestMethod codeBase="C:\PRGDIR\Svelto\Svelto.Tasks\Svelto.Tasks.Examples\Packages\com.sebaslab.svelto.tasks\Svelto.Tasks.Tests~\bin~\Debug\net9.0\Svelto.Tasks.Tests.dll" adapterTypeName="executor://nunit3testexecutor/" className="Svelto.Tasks.Tests.MultiThreadedParallelTaskCollectionTests" name="MultiThreadedParallelTaskCollection_ExtraLean_RunsTasksInParallel" />
    </UnitTest>
    <UnitTest name="MultiThreadedParallelTaskCollection_Stop_StopsExecution" storage="c:\prgdir\svelto\svelto.tasks\svelto.tasks.examples\packages\com.sebaslab.svelto.tasks\svelto.tasks.tests~\bin~\debug\net9.0\svelto.tasks.tests.dll" id="b02acacf-c355-0ab2-cb2f-78712f4d1af1">
      <Execution id="1686bf0f-f2d1-47dc-be42-2aeaddfe1d09" />
      <TestMethod codeBase="C:\PRGDIR\Svelto\Svelto.Tasks\Svelto.Tasks.Examples\Packages\com.sebaslab.svelto.tasks\Svelto.Tasks.Tests~\bin~\Debug\net9.0\Svelto.Tasks.Tests.dll" adapterTypeName="executor://nunit3testexecutor/" className="Svelto.Tasks.Tests.MultiThreadedParallelTaskCollectionTests" name="MultiThreadedParallelTaskCollection_Stop_StopsExecution" />
    </UnitTest>
    <UnitTest name="MultiThreadedParallelTaskCollection_Stop_DoesNotClearAndAllowsReuse" storage="c:\prgdir\svelto\svelto.tasks\svelto.tasks.examples\packages\com.sebaslab.svelto.tasks\svelto.tasks.tests~\bin~\debug\net9.0\svelto.tasks.tests.dll" id="0ab4a00d-1de2-a85b-5b3d-9c0bc50cc1e1">
      <Execution id="6e3890d6-99ef-46b0-b2c0-f421bea702da" />
      <TestMethod codeBase="C:\PRGDIR\Svelto\Svelto.Tasks\Svelto.Tasks.Examples\Packages\com.sebaslab.svelto.tasks\Svelto.Tasks.Tests~\bin~\Debug\net9.0\Svelto.Tasks.Tests.dll" adapterTypeName="executor://nunit3testexecutor/" className="Svelto.Tasks.Tests.MultiThreadedParallelTaskCollectionTests" name="MultiThreadedParallelTaskCollection_Stop_DoesNotClearAndAllowsReuse" />
    </UnitTest>
    <UnitTest name="SteppableRunner_StopPreventsNewTasksFromStartingUntilSteppedAndUnstopped" storage="c:\prgdir\svelto\svelto.tasks\svelto.tasks.examples\packages\com.sebaslab.svelto.tasks\svelto.tasks.tests~\bin~\debug\net9.0\svelto.tasks.tests.dll" id="17f86dd8-04cd-0aa5-0e7f-6cdaa1c1464c">
      <Execution id="d8f858c2-0795-4f56-8614-7915a4879cca" />
      <TestMethod codeBase="C:\PRGDIR\Svelto\Svelto.Tasks\Svelto.Tasks.Examples\Packages\com.sebaslab.svelto.tasks\Svelto.Tasks.Tests~\bin~\Debug\net9.0\Svelto.Tasks.Tests.dll" adapterTypeName="executor://nunit3testexecutor/" className="Svelto.Tasks.Tests.RunnerLifecycleTests" name="SteppableRunner_StopPreventsNewTasksFromStartingUntilSteppedAndUnstopped" />
    </UnitTest>
    <UnitTest name="SteppableRunner_FlushClearsTasksAndAllowsReuse" storage="c:\prgdir\svelto\svelto.tasks\svelto.tasks.examples\packages\com.sebaslab.svelto.tasks\svelto.tasks.tests~\bin~\debug\net9.0\svelto.tasks.tests.dll" id="bedea709-13bc-f4fd-11fb-7205cecfbb14">
      <Execution id="d6490211-2927-4762-b13e-ad7ff731422e" />
      <TestMethod codeBase="C:\PRGDIR\Svelto\Svelto.Tasks\Svelto.Tasks.Examples\Packages\com.sebaslab.svelto.tasks\Svelto.Tasks.Tests~\bin~\Debug\net9.0\Svelto.Tasks.Tests.dll" adapterTypeName="executor://nunit3testexecutor/" className="Svelto.Tasks.Tests.RunnerLifecycleTests" name="SteppableRunner_FlushClearsTasksAndAllowsReuse" />
    </UnitTest>
    <UnitTest name="TaskYieldingAnotherTaskRunningOnAnotherRunner" storage="c:\prgdir\svelto\svelto.tasks\svelto.tasks.examples\packages\com.sebaslab.svelto.tasks\svelto.tasks.tests~\bin~\debug\net9.0\svelto.tasks.tests.dll" id="69254c4f-22ec-836d-8fa4-874ceb0a21b3">
      <Execution id="4ecc4b43-9b95-4bbb-9c64-157db61b9459" />
      <TestMethod codeBase="C:\PRGDIR\Svelto\Svelto.Tasks\Svelto.Tasks.Examples\Packages\com.sebaslab.svelto.tasks\Svelto.Tasks.Tests~\bin~\Debug\net9.0\Svelto.Tasks.Tests.dll" adapterTypeName="executor://nunit3testexecutor/" className="Svelto.Tasks.Tests.TaskRunnerTests" name="TaskYieldingAnotherTaskRunningOnAnotherRunner" />
    </UnitTest>
    <UnitTest name="MultiThreadRunner_PausePreventsProgress_UntilResume" storage="c:\prgdir\svelto\svelto.tasks\svelto.tasks.examples\packages\com.sebaslab.svelto.tasks\svelto.tasks.tests~\bin~\debug\net9.0\svelto.tasks.tests.dll" id="34397d56-d2c9-7dd5-1b42-fe9e48c5ab57">
      <Execution id="79c2bfd5-68ef-477d-aca0-864614d3d3d8" />
      <TestMethod codeBase="C:\PRGDIR\Svelto\Svelto.Tasks\Svelto.Tasks.Examples\Packages\com.sebaslab.svelto.tasks\Svelto.Tasks.Tests~\bin~\Debug\net9.0\Svelto.Tasks.Tests.dll" adapterTypeName="executor://nunit3testexecutor/" className="Svelto.Tasks.Tests.MultiThreadRunnerTests" name="MultiThreadRunner_PausePreventsProgress_UntilResume" />
    </UnitTest>
    <UnitTest name="MultiThreadRunner_Dispose_DisposesQueuedTasks" storage="c:\prgdir\svelto\svelto.tasks\svelto.tasks.examples\packages\com.sebaslab.svelto.tasks\svelto.tasks.tests~\bin~\debug\net9.0\svelto.tasks.tests.dll" id="6edc79c6-9fd3-601e-8029-572df6e767d6">
      <Execution id="580b6959-5d4f-4808-8a97-fd35ad69120a" />
      <TestMethod codeBase="C:\PRGDIR\Svelto\Svelto.Tasks\Svelto.Tasks.Examples\Packages\com.sebaslab.svelto.tasks\Svelto.Tasks.Tests~\bin~\Debug\net9.0\Svelto.Tasks.Tests.dll" adapterTypeName="executor://nunit3testexecutor/" className="Svelto.Tasks.Tests.MultiThreadRunnerTests" name="MultiThreadRunner_Dispose_DisposesQueuedTasks" />
    </UnitTest>
    <UnitTest name="TestThatABreakItBreaksTheCurrentExecution" storage="c:\prgdir\svelto\svelto.tasks\svelto.tasks.examples\packages\com.sebaslab.svelto.tasks\svelto.tasks.tests~\bin~\debug\net9.0\svelto.tasks.tests.dll" id="114e0d47-4c9e-cbd2-adbf-3d45c8fdc807">
      <Execution id="616138a6-12e2-408d-9f13-b0018be0d02a" />
      <TestMethod codeBase="C:\PRGDIR\Svelto\Svelto.Tasks\Svelto.Tasks.Examples\Packages\com.sebaslab.svelto.tasks\Svelto.Tasks.Tests~\bin~\Debug\net9.0\Svelto.Tasks.Tests.dll" adapterTypeName="executor://nunit3testexecutor/" className="Svelto.Tasks.Tests.TaskBreakTests" name="TestThatABreakItBreaksTheCurrentExecution" />
    </UnitTest>
    <UnitTest name="MultiThreadedParallelTaskCollection_AddWhileRunning_Throws" storage="c:\prgdir\svelto\svelto.tasks\svelto.tasks.examples\packages\com.sebaslab.svelto.tasks\svelto.tasks.tests~\bin~\debug\net9.0\svelto.tasks.tests.dll" id="0d931837-3297-6eef-88c1-ca18f5b57d76">
      <Execution id="7ab21745-e5bf-4e77-9a4d-f86611cabb64" />
      <TestMethod codeBase="C:\PRGDIR\Svelto\Svelto.Tasks\Svelto.Tasks.Examples\Packages\com.sebaslab.svelto.tasks\Svelto.Tasks.Tests~\bin~\Debug\net9.0\Svelto.Tasks.Tests.dll" adapterTypeName="executor://nunit3testexecutor/" className="Svelto.Tasks.Tests.MultiThreadedParallelTaskCollectionTests" name="MultiThreadedParallelTaskCollection_AddWhileRunning_Throws" />
    </UnitTest>
    <UnitTest name="TaskContract_Float_StoresAndRetrievesValue" storage="c:\prgdir\svelto\svelto.tasks\svelto.tasks.examples\packages\com.sebaslab.svelto.tasks\svelto.tasks.tests~\bin~\debug\net9.0\svelto.tasks.tests.dll" id="75945694-3177-c6c8-d2bd-6d588087a719">
      <Execution id="1c88e4a8-fa77-49a3-bdcc-7e72eb11b530" />
      <TestMethod codeBase="C:\PRGDIR\Svelto\Svelto.Tasks\Svelto.Tasks.Examples\Packages\com.sebaslab.svelto.tasks\Svelto.Tasks.Tests~\bin~\Debug\net9.0\Svelto.Tasks.Tests.dll" adapterTypeName="executor://nunit3testexecutor/" className="Svelto.Tasks.Tests.TaskContractTests" name="TaskContract_Float_StoresAndRetrievesValue" />
    </UnitTest>
    <UnitTest name="MultiThreadRunner_StopThenDispose_DoesNotDeadlock" storage="c:\prgdir\svelto\svelto.tasks\svelto.tasks.examples\packages\com.sebaslab.svelto.tasks\svelto.tasks.tests~\bin~\debug\net9.0\svelto.tasks.tests.dll" id="8e566b37-0331-0c3b-454c-eb270b5babd5">
      <Execution id="b21c012b-faed-417c-96f0-8554794b633a" />
      <TestMethod codeBase="C:\PRGDIR\Svelto\Svelto.Tasks\Svelto.Tasks.Examples\Packages\com.sebaslab.svelto.tasks\Svelto.Tasks.Tests~\bin~\Debug\net9.0\Svelto.Tasks.Tests.dll" adapterTypeName="executor://nunit3testexecutor/" className="Svelto.Tasks.Tests.RunnerLifecycleTests" name="MultiThreadRunner_StopThenDispose_DoesNotDeadlock" />
    </UnitTest>
    <UnitTest name="StandardUseOfEnumerators2" storage="c:\prgdir\svelto\svelto.tasks\svelto.tasks.examples\packages\com.sebaslab.svelto.tasks\svelto.tasks.tests~\bin~\debug\net9.0\svelto.tasks.tests.dll" id="676a80d4-1a61-9dac-90d0-82d32359b0cc">
      <Execution id="3e1ce4f8-3708-4094-b4b1-fe4b4fb07f76" />
      <TestMethod codeBase="C:\PRGDIR\Svelto\Svelto.Tasks\Svelto.Tasks.Examples\Packages\com.sebaslab.svelto.tasks\Svelto.Tasks.Tests~\bin~\Debug\net9.0\Svelto.Tasks.Tests.dll" adapterTypeName="executor://nunit3testexecutor/" className="Svelto.Tasks.Tests.TaskRunnerTests" name="StandardUseOfEnumerators2" />
    </UnitTest>
    <UnitTest name="TimeBoundFlow_BoundsWorkPerStep" storage="c:\prgdir\svelto\svelto.tasks\svelto.tasks.examples\packages\com.sebaslab.svelto.tasks\svelto.tasks.tests~\bin~\debug\net9.0\svelto.tasks.tests.dll" id="7caf1f91-aeb2-356e-11cf-9b57343c06ce">
      <Execution id="6d9e27bb-dfce-4489-93f3-a01e586c7f5e" />
      <TestMethod codeBase="C:\PRGDIR\Svelto\Svelto.Tasks\Svelto.Tasks.Examples\Packages\com.sebaslab.svelto.tasks\Svelto.Tasks.Tests~\bin~\Debug\net9.0\Svelto.Tasks.Tests.dll" adapterTypeName="executor://nunit3testexecutor/" className="Svelto.Tasks.Tests.FlowModifiersTests" name="TimeBoundFlow_BoundsWorkPerStep" />
    </UnitTest>
    <UnitTest name="TestJobDisposeCalledOnMultiThreadRunnerDispose" storage="c:\prgdir\svelto\svelto.tasks\svelto.tasks.examples\packages\com.sebaslab.svelto.tasks\svelto.tasks.tests~\bin~\debug\net9.0\svelto.tasks.tests.dll" id="4ec93c6f-6e3c-9fe9-c8b9-09ffb710c4f6">
      <Execution id="2a8c27d8-256e-41b5-a58f-180b82588e28" />
      <TestMethod codeBase="C:\PRGDIR\Svelto\Svelto.Tasks\Svelto.Tasks.Examples\Packages\com.sebaslab.svelto.tasks\Svelto.Tasks.Tests~\bin~\Debug\net9.0\Svelto.Tasks.Tests.dll" adapterTypeName="executor://nunit3testexecutor/" className="Svelto.Tasks.Tests.TaskRunnerTests" name="TestJobDisposeCalledOnMultiThreadRunnerDispose" />
    </UnitTest>
    <UnitTest name="TestThatAStandardBreakBreaksTheCurrentTaskOnly" storage="c:\prgdir\svelto\svelto.tasks\svelto.tasks.examples\packages\com.sebaslab.svelto.tasks\svelto.tasks.tests~\bin~\debug\net9.0\svelto.tasks.tests.dll" id="57d45dd0-1ae6-7737-60a2-01977ea3551f">
      <Execution id="29c51578-793d-49d1-81e3-ce6d3d3ffb8a" />
      <TestMethod codeBase="C:\PRGDIR\Svelto\Svelto.Tasks\Svelto.Tasks.Examples\Packages\com.sebaslab.svelto.tasks\Svelto.Tasks.Tests~\bin~\Debug\net9.0\Svelto.Tasks.Tests.dll" adapterTypeName="executor://nunit3testexecutor/" className="Svelto.Tasks.Tests.TaskBreakTests" name="TestThatAStandardBreakBreaksTheCurrentTaskOnly" />
    </UnitTest>
    <UnitTest name="RunSeparateCoroutinesInParallelAndWaitForThem" storage="c:\prgdir\svelto\svelto.tasks\svelto.tasks.examples\packages\com.sebaslab.svelto.tasks\svelto.tasks.tests~\bin~\debug\net9.0\svelto.tasks.tests.dll" id="bccccb41-f19a-6dbb-228e-50edb22c58fc">
      <Execution id="f41afc1b-c885-4702-b903-3675d08e0df9" />
      <TestMethod codeBase="C:\PRGDIR\Svelto\Svelto.Tasks\Svelto.Tasks.Examples\Packages\com.sebaslab.svelto.tasks\Svelto.Tasks.Tests~\bin~\Debug\net9.0\Svelto.Tasks.Tests.dll" adapterTypeName="executor://nunit3testexecutor/" className="Svelto.Tasks.Tests.TaskRunnerTests" name="RunSeparateCoroutinesInParallelAndWaitForThem" />
    </UnitTest>
    <UnitTest name="ExtraLean_SyncRunner_RunsTaskSynchronously" storage="c:\prgdir\svelto\svelto.tasks\svelto.tasks.examples\packages\com.sebaslab.svelto.tasks\svelto.tasks.tests~\bin~\debug\net9.0\svelto.tasks.tests.dll" id="43036f82-18d1-c744-ac11-438d6c8c0b52">
      <Execution id="7af3f8c7-6bc6-495d-a26e-0ac2dd23140f" />
      <TestMethod codeBase="C:\PRGDIR\Svelto\Svelto.Tasks\Svelto.Tasks.Examples\Packages\com.sebaslab.svelto.tasks\Svelto.Tasks.Tests~\bin~\Debug\net9.0\Svelto.Tasks.Tests.dll" adapterTypeName="executor://nunit3testexecutor/" className="Svelto.Tasks.Tests.SyncRunnerTests" name="ExtraLean_SyncRunner_RunsTaskSynchronously" />
    </UnitTest>
    <UnitTest name="TestTaskDisposeCalledOnRunnerDispose" storage="c:\prgdir\svelto\svelto.tasks\svelto.tasks.examples\packages\com.sebaslab.svelto.tasks\svelto.tasks.tests~\bin~\debug\net9.0\svelto.tasks.tests.dll" id="027053bc-df1d-b0e0-dbc5-979870253df2">
      <Execution id="d4513540-80ef-4530-83c1-404e096c5195" />
      <TestMethod codeBase="C:\PRGDIR\Svelto\Svelto.Tasks\Svelto.Tasks.Examples\Packages\com.sebaslab.svelto.tasks\Svelto.Tasks.Tests~\bin~\Debug\net9.0\Svelto.Tasks.Tests.dll" adapterTypeName="executor://nunit3testexecutor/" className="Svelto.Tasks.Tests.TaskRunnerTests" name="TestTaskDisposeCalledOnRunnerDispose" />
    </UnitTest>
    <UnitTest name="SteppableRunner_Kill_StopsAndPreventsReuse" storage="c:\prgdir\svelto\svelto.tasks\svelto.tasks.examples\packages\com.sebaslab.svelto.tasks\svelto.tasks.tests~\bin~\debug\net9.0\svelto.tasks.tests.dll" id="531a9378-9b2c-7bba-60fa-d642952370ed">
      <Execution id="dc288d54-d061-4d06-b771-a1e408ec8620" />
      <TestMethod codeBase="C:\PRGDIR\Svelto\Svelto.Tasks\Svelto.Tasks.Examples\Packages\com.sebaslab.svelto.tasks\Svelto.Tasks.Tests~\bin~\Debug\net9.0\Svelto.Tasks.Tests.dll" adapterTypeName="executor://nunit3testexecutor/" className="Svelto.Tasks.Tests.RunnerLifecycleTests" name="SteppableRunner_Kill_StopsAndPreventsReuse" />
    </UnitTest>
    <UnitTest name="SerialTaskCollection_ExecutesTasksInOrder_AndIsReusable" storage="c:\prgdir\svelto\svelto.tasks\svelto.tasks.examples\packages\com.sebaslab.svelto.tasks\svelto.tasks.tests~\bin~\debug\net9.0\svelto.tasks.tests.dll" id="c07d5fa2-f748-72f8-4cdd-7c1fac9712b8">
      <Execution id="e078c63a-f089-4573-97a8-69020c64fa2f" />
      <TestMethod codeBase="C:\PRGDIR\Svelto\Svelto.Tasks\Svelto.Tasks.Examples\Packages\com.sebaslab.svelto.tasks\Svelto.Tasks.Tests~\bin~\Debug\net9.0\Svelto.Tasks.Tests.dll" adapterTypeName="executor://nunit3testexecutor/" className="Svelto.Tasks.Tests.TaskCollectionTests" name="SerialTaskCollection_ExecutesTasksInOrder_AndIsReusable" />
    </UnitTest>
    <UnitTest name="ExtraLean_MultiThreadRunner_DisposesTasksOnCompletion_NotOnlyOnDispose" storage="c:\prgdir\svelto\svelto.tasks\svelto.tasks.examples\packages\com.sebaslab.svelto.tasks\svelto.tasks.tests~\bin~\debug\net9.0\svelto.tasks.tests.dll" id="75d9fdf1-8c1f-43d3-fe3b-f5816d0db565">
      <Execution id="2f5f9e76-f7da-44cd-8643-1ec35985e39c" />
      <TestMethod codeBase="C:\PRGDIR\Svelto\Svelto.Tasks\Svelto.Tasks.Examples\Packages\com.sebaslab.svelto.tasks\Svelto.Tasks.Tests~\bin~\Debug\net9.0\Svelto.Tasks.Tests.dll" adapterTypeName="executor://nunit3testexecutor/" className="Svelto.Tasks.Tests.MultiThreadRunnerTests" name="ExtraLean_MultiThreadRunner_DisposesTasksOnCompletion_NotOnlyOnDispose" />
    </UnitTest>
    <UnitTest name="Forget_RunsChildButParentDoesNotWait" storage="c:\prgdir\svelto\svelto.tasks\svelto.tasks.examples\packages\com.sebaslab.svelto.tasks\svelto.tasks.tests~\bin~\debug\net9.0\svelto.tasks.tests.dll" id="279db805-535d-a813-c3e4-14ccd3d5a638">
      <Execution id="77b6fc64-43ad-49f1-ac2e-16869867e7b0" />
      <TestMethod codeBase="C:\PRGDIR\Svelto\Svelto.Tasks\Svelto.Tasks.Examples\Packages\com.sebaslab.svelto.tasks\Svelto.Tasks.Tests~\bin~\Debug\net9.0\Svelto.Tasks.Tests.dll" adapterTypeName="executor://nunit3testexecutor/" className="Svelto.Tasks.Tests.TaskContractTests" name="Forget_RunsChildButParentDoesNotWait" />
    </UnitTest>
    <UnitTest name="SerialTaskCollection_Reset_AllowsReexecution" storage="c:\prgdir\svelto\svelto.tasks\svelto.tasks.examples\packages\com.sebaslab.svelto.tasks\svelto.tasks.tests~\bin~\debug\net9.0\svelto.tasks.tests.dll" id="4d4d4cfe-a34a-93c0-0ba6-b04203aa699a">
      <Execution id="7573224f-f1a6-48a9-bda4-69cd2fa26e9b" />
      <TestMethod codeBase="C:\PRGDIR\Svelto\Svelto.Tasks\Svelto.Tasks.Examples\Packages\com.sebaslab.svelto.tasks\Svelto.Tasks.Tests~\bin~\Debug\net9.0\Svelto.Tasks.Tests.dll" adapterTypeName="executor://nunit3testexecutor/" className="Svelto.Tasks.Tests.TaskCollectionTests" name="SerialTaskCollection_Reset_AllowsReexecution" />
    </UnitTest>
    <UnitTest name="MultiThreadedParallelTaskCollection_DisposeWithoutStarting_DisposesTasks" storage="c:\prgdir\svelto\svelto.tasks\svelto.tasks.examples\packages\com.sebaslab.svelto.tasks\svelto.tasks.tests~\bin~\debug\net9.0\svelto.tasks.tests.dll" id="3188e82a-c769-a67b-b22f-28f325f7fbb6">
      <Execution id="479ed2ac-8439-4e5a-94dd-4262836ba127" />
      <TestMethod codeBase="C:\PRGDIR\Svelto\Svelto.Tasks\Svelto.Tasks.Examples\Packages\com.sebaslab.svelto.tasks\Svelto.Tasks.Tests~\bin~\Debug\net9.0\Svelto.Tasks.Tests.dll" adapterTypeName="executor://nunit3testexecutor/" className="Svelto.Tasks.Tests.MultiThreadedParallelTaskCollectionTests" name="MultiThreadedParallelTaskCollection_DisposeWithoutStarting_DisposesTasks" />
    </UnitTest>
    <UnitTest name="MultiThreadedParallelJobCollection_RunsJobsInParallel" storage="c:\prgdir\svelto\svelto.tasks\svelto.tasks.examples\packages\com.sebaslab.svelto.tasks\svelto.tasks.tests~\bin~\debug\net9.0\svelto.tasks.tests.dll" id="23b322e6-2723-5376-ba60-23231b14a7b7">
      <Execution id="acff14e1-f349-4699-ac4d-f64ddb147716" />
      <TestMethod codeBase="C:\PRGDIR\Svelto\Svelto.Tasks\Svelto.Tasks.Examples\Packages\com.sebaslab.svelto.tasks\Svelto.Tasks.Tests~\bin~\Debug\net9.0\Svelto.Tasks.Tests.dll" adapterTypeName="executor://nunit3testexecutor/" className="Svelto.Tasks.Tests.ParallelJobCollectionTests" name="MultiThreadedParallelJobCollection_RunsJobsInParallel" />
    </UnitTest>
    <UnitTest name="TestExtraLeanEnumerator_InvalidReturn_ThrowsException" storage="c:\prgdir\svelto\svelto.tasks\svelto.tasks.examples\packages\com.sebaslab.svelto.tasks\svelto.tasks.tests~\bin~\debug\net9.0\svelto.tasks.tests.dll" id="0fa16bff-3a68-b551-56d2-07c1ded60258">
      <Execution id="6bccf52d-9453-443b-bde9-5abd5eb8d778" />
      <TestMethod codeBase="C:\PRGDIR\Svelto\Svelto.Tasks\Svelto.Tasks.Examples\Packages\com.sebaslab.svelto.tasks\Svelto.Tasks.Tests~\bin~\Debug\net9.0\Svelto.Tasks.Tests.dll" adapterTypeName="executor://nunit3testexecutor/" className="Svelto.Tasks.Tests.ExtraLeanEnumeratorTests" name="TestExtraLeanEnumerator_InvalidReturn_ThrowsException" />
    </UnitTest>
    <UnitTest name="Pool_DisposeIsIdempotent" storage="c:\prgdir\svelto\svelto.tasks\svelto.tasks.examples\packages\com.sebaslab.svelto.tasks\svelto.tasks.tests~\bin~\debug\net9.0\svelto.tasks.tests.dll" id="179557a5-2342-8d9d-af89-790c6845dfb7">
      <Execution id="8209f0ed-2151-4f77-ac4f-9c0cb307be00" />
      <TestMethod codeBase="C:\PRGDIR\Svelto\Svelto.Tasks\Svelto.Tasks.Examples\Packages\com.sebaslab.svelto.tasks\Svelto.Tasks.Tests~\bin~\Debug\net9.0\Svelto.Tasks.Tests.dll" adapterTypeName="executor://nunit3testexecutor/" className="Svelto.Tasks.Tests.MultiThreadRunnerPoolTests" name="Pool_DisposeIsIdempotent" />
    </UnitTest>
    <UnitTest name="MultiThreadedParallelTaskCollection_DisposeWhileRunning_DisposesTasks" storage="c:\prgdir\svelto\svelto.tasks\svelto.tasks.examples\packages\com.sebaslab.svelto.tasks\svelto.tasks.tests~\bin~\debug\net9.0\svelto.tasks.tests.dll" id="9c8c574c-026f-e164-c78b-2b59b7665b9c">
      <Execution id="266378f7-f1ce-4050-9519-8c086e07aeab" />
      <TestMethod codeBase="C:\PRGDIR\Svelto\Svelto.Tasks\Svelto.Tasks.Examples\Packages\com.sebaslab.svelto.tasks\Svelto.Tasks.Tests~\bin~\Debug\net9.0\Svelto.Tasks.Tests.dll" adapterTypeName="executor://nunit3testexecutor/" className="Svelto.Tasks.Tests.MultiThreadedParallelTaskCollectionTests" name="MultiThreadedParallelTaskCollection_DisposeWhileRunning_DisposesTasks" />
    </UnitTest>
    <UnitTest name="ExtraLean_MultiThreadRunner_RunsTaskOnDifferentThread" storage="c:\prgdir\svelto\svelto.tasks\svelto.tasks.examples\packages\com.sebaslab.svelto.tasks\svelto.tasks.tests~\bin~\debug\net9.0\svelto.tasks.tests.dll" id="b7b49fc9-984c-87e6-4f51-a863beffc50f">
      <Execution id="c0864d6d-053b-4ff9-a2e4-10ae8a88f06a" />
      <TestMethod codeBase="C:\PRGDIR\Svelto\Svelto.Tasks\Svelto.Tasks.Examples\Packages\com.sebaslab.svelto.tasks\Svelto.Tasks.Tests~\bin~\Debug\net9.0\Svelto.Tasks.Tests.dll" adapterTypeName="executor://nunit3testexecutor/" className="Svelto.Tasks.Tests.MultiThreadRunnerTests" name="ExtraLean_MultiThreadRunner_RunsTaskOnDifferentThread" />
    </UnitTest>
    <UnitTest name="TestTaskContractReturningIEnumerator" storage="c:\prgdir\svelto\svelto.tasks\svelto.tasks.examples\packages\com.sebaslab.svelto.tasks\svelto.tasks.tests~\bin~\debug\net9.0\svelto.tasks.tests.dll" id="1e6e8296-3aa2-a135-cc42-63c90948e8fc">
      <Execution id="8aff5896-450e-4352-8f3d-591e471ffa5c" />
      <TestMethod codeBase="C:\PRGDIR\Svelto\Svelto.Tasks\Svelto.Tasks.Examples\Packages\com.sebaslab.svelto.tasks\Svelto.Tasks.Tests~\bin~\Debug\net9.0\Svelto.Tasks.Tests.dll" adapterTypeName="executor://nunit3testexecutor/" className="Svelto.Tasks.Tests.TaskRunnerTests" name="TestTaskContractReturningIEnumerator" />
    </UnitTest>
    <UnitTest name="TestThatABreakAndStopBreaksTheWholeExecution" storage="c:\prgdir\svelto\svelto.tasks\svelto.tasks.examples\packages\com.sebaslab.svelto.tasks\svelto.tasks.tests~\bin~\debug\net9.0\svelto.tasks.tests.dll" id="5e42e9eb-87af-1efa-56db-246b9a940404">
      <Execution id="6c8a85d8-c4dc-454f-8d68-975663cc1f65" />
      <TestMethod codeBase="C:\PRGDIR\Svelto\Svelto.Tasks\Svelto.Tasks.Examples\Packages\com.sebaslab.svelto.tasks\Svelto.Tasks.Tests~\bin~\Debug\net9.0\Svelto.Tasks.Tests.dll" adapterTypeName="executor://nunit3testexecutor/" className="Svelto.Tasks.Tests.TaskBreakTests" name="TestThatABreakAndStopBreaksTheWholeExecution" />
    </UnitTest>
    <UnitTest name="MultiThreadRunner_DisposesTasksOnCompletion_NotOnlyOnDispose" storage="c:\prgdir\svelto\svelto.tasks\svelto.tasks.examples\packages\com.sebaslab.svelto.tasks\svelto.tasks.tests~\bin~\debug\net9.0\svelto.tasks.tests.dll" id="ba3bd934-aa38-60b0-8732-9c0bb2393841">
      <Execution id="d457ae50-214e-4fd9-9883-6e2496225cc3" />
      <TestMethod codeBase="C:\PRGDIR\Svelto\Svelto.Tasks\Svelto.Tasks.Examples\Packages\com.sebaslab.svelto.tasks\Svelto.Tasks.Tests~\bin~\Debug\net9.0\Svelto.Tasks.Tests.dll" adapterTypeName="executor://nunit3testexecutor/" className="Svelto.Tasks.Tests.MultiThreadRunnerTests" name="MultiThreadRunner_DisposesTasksOnCompletion_NotOnlyOnDispose" />
    </UnitTest>
    <UnitTest name="TaskContract_Exception_StoresAndRetrievesValue" storage="c:\prgdir\svelto\svelto.tasks\svelto.tasks.examples\packages\com.sebaslab.svelto.tasks\svelto.tasks.tests~\bin~\debug\net9.0\svelto.tasks.tests.dll" id="c25b8f57-5bb3-5325-c00a-6756d7636910">
      <Execution id="a8ffd429-6e72-4b80-a52e-e7533aa3e151" />
      <TestMethod codeBase="C:\PRGDIR\Svelto\Svelto.Tasks\Svelto.Tasks.Examples\Packages\com.sebaslab.svelto.tasks\Svelto.Tasks.Tests~\bin~\Debug\net9.0\Svelto.Tasks.Tests.dll" adapterTypeName="executor://nunit3testexecutor/" className="Svelto.Tasks.Tests.TaskContractTests" name="TaskContract_Exception_StoresAndRetrievesValue" />
    </UnitTest>
    <UnitTest name="TaskContract_Bool_StoresAndRetrievesValue" storage="c:\prgdir\svelto\svelto.tasks\svelto.tasks.examples\packages\com.sebaslab.svelto.tasks\svelto.tasks.tests~\bin~\debug\net9.0\svelto.tasks.tests.dll" id="384493b3-faa2-8d8e-2fdb-e5abfbc35b02">
      <Execution id="67ee2177-2499-4090-91b9-ac9a192838f5" />
      <TestMethod codeBase="C:\PRGDIR\Svelto\Svelto.Tasks\Svelto.Tasks.Examples\Packages\com.sebaslab.svelto.tasks\Svelto.Tasks.Tests~\bin~\Debug\net9.0\Svelto.Tasks.Tests.dll" adapterTypeName="executor://nunit3testexecutor/" className="Svelto.Tasks.Tests.TaskContractTests" name="TaskContract_Bool_StoresAndRetrievesValue" />
    </UnitTest>
    <UnitTest name="TaskContract_FromReference_StoresAndRetrievesValue" storage="c:\prgdir\svelto\svelto.tasks\svelto.tasks.examples\packages\com.sebaslab.svelto.tasks\svelto.tasks.tests~\bin~\debug\net9.0\svelto.tasks.tests.dll" id="11c3d0fc-8735-20e6-aa99-fc659a34a65c">
      <Execution id="4f84537e-ca6a-4ae2-93c2-d7e5d6d01824" />
[...]
      <Execution id="fd278bda-333e-460c-a41e-0bdcc77ad963" />
      <TestMethod codeBase="C:\PRGDIR\Svelto\Svelto.Tasks\Svelto.Tasks.Examples\Packages\com.sebaslab.svelto.tasks\Svelto.Tasks.Tests~\bin~\Debug\net9.0\Svelto.Tasks.Tests.dll" adapterTypeName="executor://nunit3testexecutor/" className="Svelto.Tasks.Tests.MultiThreadedParallelTaskCollectionTests" name="MultiThreadedParallelTaskCollection_RunsTasksInParallel" />
    </UnitTest>
    <UnitTest name="SteppableRunner_Stop_AllowsReuseAfterFlush_AndQueuedTasksDuringStopRunAfterward" storage="c:\prgdir\svelto\svelto.tasks\svelto.tasks.examples\packages\com.sebaslab.svelto.tasks\svelto.tasks.tests~\bin~\debug\net9.0\svelto.tasks.tests.dll" id="40423bd1-06db-bab4-7289-bd613a61aa10">
      <Execution id="173c3408-153f-443f-98a2-2e6b477a0d2d" />
      <TestMethod codeBase="C:\PRGDIR\Svelto\Svelto.Tasks\Svelto.Tasks.Examples\Packages\com.sebaslab.svelto.tasks\Svelto.Tasks.Tests~\bin~\Debug\net9.0\Svelto.Tasks.Tests.dll" adapterTypeName="executor://nunit3testexecutor/" className="Svelto.Tasks.Tests.RunnerLifecycleTests" name="SteppableRunner_Stop_AllowsReuseAfterFlush_AndQueuedTasksDuringStopRunAfterward" />
    </UnitTest>
  </TestDefinitions>
  <TestEntries>
    <TestEntry testId="0d931837-3297-6eef-88c1-ca18f5b57d76" executionId="7ab21745-e5bf-4e77-9a4d-f86611cabb64" testListId="8c84fa94-04c1-424b-9868-57a2d4851a1d" />
    <TestEntry testId="fd846780-d0db-b795-926e-8e90ce6227f4" executionId="66fe1f9b-f934-4f50-b34d-4fadbc6a0ea2" testListId="8c84fa94-04c1-424b-9868-57a2d4851a1d" />
    <TestEntry testId="59578231-f9bc-224d-095f-dcafbd71aca7" executionId="735ed9e7-55b8-4476-8d2d-945356a7f74f" testListId="8c84fa94-04c1-424b-9868-57a2d4851a1d" />
    <TestEntry testId="68c3c3b2-78a9-901e-5694-494acb1be643" executionId="a6b38312-8c76-497b-9b14-23cb7ea3e30b" testListId="8c84fa94-04c1-424b-9868-57a2d4851a1d" />
    <TestEntry testId="bcb39e8b-ecba-049b-bc3e-110a985cc8e9" executionId="1b87c92a-ca07-430d-bcbf-09c809e62f3b" testListId="8c84fa94-04c1-424b-9868-57a2d4851a1d" />
    <TestEntry testId="255bd0e2-e6eb-d1ee-54da-04d977327b8b" executionId="335c5528-003b-4ee3-b0cd-b3df35fcd2f0" testListId="8c84fa94-04c1-424b-9868-57a2d4851a1d" />
    <TestEntry testId="1349a674-b368-e309-e32b-05a334553b6a" executionId="5bdb2601-d478-4e81-893a-9af668092c00" testListId="8c84fa94-04c1-424b-9868-57a2d4851a1d" />
    <TestEntry testId="b02acacf-c355-0ab2-cb2f-78712f4d1af1" executionId="1686bf0f-f2d1-47dc-be42-2aeaddfe1d09" testListId="8c84fa94-04c1-424b-9868-57a2d4851a1d" />
    <TestEntry testId="cc1d8ecd-f7e2-b1ef-4373-2891d00d6557" executionId="0a138c3e-871d-4fb1-b6f7-4ae33d20cee8" testListId="8c84fa94-04c1-424b-9868-57a2d4851a1d" />
    <TestEntry testId="d8ff7534-a34c-40b9-507b-e9a47fc38a8b" executionId="e4ef1091-48d0-4924-ac20-a8583f48a0c5" testListId="8c84fa94-04c1-424b-9868-57a2d4851a1d" />
    <TestEntry testId="2a26e8f7-1252-983f-7c5c-314fdf57840a" executionId="67ab82b7-f229-42bc-a689-7a20e82695a3" testListId="8c84fa94-04c1-424b-9868-57a2d4851a1d" />
    <TestEntry testId="8443b430-8712-d514-2e47-cebfdee6c27c" executionId="958236f7-d4ad-4928-8b61-50d5fe61b963" testListId="8c84fa94-04c1-424b-9868-57a2d4851a1d" />
    <TestEntry testId="fd2da592-b48a-e07f-1c44-e89306c3e07d" executionId="3ed3a848-6104-4f6d-8e53-81cec78ec924" testListId="8c84fa94-04c1-424b-9868-57a2d4851a1d" />
    <TestEntry testId="9c403184-80dd-0638-1b36-c8e45e741245" executionId="bcb1bb40-4dda-489a-a769-d28ad5d070b2" testListId="8c84fa94-04c1-424b-9868-57a2d4851a1d" />
    <TestEntry testId="6ee7a9c6-8930-e317-cf6a-5e9c81d17dad" executionId="0b9b7ad3-0ef3-4567-84f1-8372b2f4121f" testListId="8c84fa94-04c1-424b-9868-57a2d4851a1d" />
    <TestEntry testId="9fdd8bbb-fcd1-9994-a6e5-9f7c3dd9c3f8" executionId="515824d3-f6e9-4977-afee-a7a21f8611cf" testListId="8c84fa94-04c1-424b-9868-57a2d4851a1d" />
    <TestEntry testId="11c3d0fc-8735-20e6-aa99-fc659a34a65c" executionId="4f84537e-ca6a-4ae2-93c2-d7e5d6d01824" testListId="8c84fa94-04c1-424b-9868-57a2d4851a1d" />
    <TestEntry testId="5f7a6ccd-25bd-7076-e67b-08a9a7c5026b" executionId="d7da6349-e7f9-4d8b-bca9-bf04f80adc1e" testListId="8c84fa94-04c1-424b-9868-57a2d4851a1d" />
    <TestEntry testId="c666dac0-a2ff-62d5-5167-40b4d68c8d52" executionId="01ee36e8-620a-4c31-accd-96767ff4b5f2" testListId="8c84fa94-04c1-424b-9868-57a2d4851a1d" />
    <TestEntry testId="bfe02e13-5963-6df8-70fb-54f6471ca261" executionId="bc8d43b4-b24b-4c6b-950c-e787e3838060" testListId="8c84fa94-04c1-424b-9868-57a2d4851a1d" />
    <TestEntry testId="fca60bcd-4173-6747-af49-6c252ad375f1" executionId="80958831-be2a-4038-84aa-06d90f9a9412" testListId="8c84fa94-04c1-424b-9868-57a2d4851a1d" />
    <TestEntry testId="6edc79c6-9fd3-601e-8029-572df6e767d6" executionId="580b6959-5d4f-4808-8a97-fd35ad69120a" testListId="8c84fa94-04c1-424b-9868-57a2d4851a1d" />
    <TestEntry testId="6d43e1f7-9748-8c87-7b0e-e769a1a8ca2f" executionId="a0c3d92d-86be-48bc-9ce4-2603d5a91ddf" testListId="8c84fa94-04c1-424b-9868-57a2d4851a1d" />
    <TestEntry testId="59617415-a20b-afa9-77f2-8da061dedffe" executionId="ee47ff5d-7052-4d49-8124-d1c3de5f26f6" testListId="8c84fa94-04c1-424b-9868-57a2d4851a1d" />
    <TestEntry testId="63b640f2-ab40-595b-d960-25d2fb7c7d50" executionId="e7843813-e220-48b2-a0ad-450dcc2f7c1a" testListId="8c84fa94-04c1-424b-9868-57a2d4851a1d" />
    <TestEntry testId="c25b8f57-5bb3-5325-c00a-6756d7636910" executionId="a8ffd429-6e72-4b80-a52e-e7533aa3e151" testListId="8c84fa94-04c1-424b-9868-57a2d4851a1d" />
    <TestEntry testId="22afcadc-334e-5c92-99a7-ca8496b1835e" executionId="6d904479-a360-45f4-9118-9d98c91dc2fd" testListId="8c84fa94-04c1-424b-9868-57a2d4851a1d" />
    <TestEntry testId="0ab4a00d-1de2-a85b-5b3d-9c0bc50cc1e1" executionId="6e3890d6-99ef-46b0-b2c0-f421bea702da" testListId="8c84fa94-04c1-424b-9868-57a2d4851a1d" />
    <TestEntry testId="e1b0ee0f-62a1-81da-2626-deacd7663bb7" executionId="156fe6aa-b7c9-44ab-b315-e152ad73450b" testListId="8c84fa94-04c1-424b-9868-57a2d4851a1d" />
    <TestEntry testId="676a80d4-1a61-9dac-90d0-82d32359b0cc" executionId="3e1ce4f8-3708-4094-b4b1-fe4b4fb07f76" testListId="8c84fa94-04c1-424b-9868-57a2d4851a1d" />
    <TestEntry testId="9c8c574c-026f-e164-c78b-2b59b7665b9c" executionId="266378f7-f1ce-4050-9519-8c086e07aeab" testListId="8c84fa94-04c1-424b-9868-57a2d4851a1d" />
    <TestEntry testId="1cbf049c-32f7-0f29-9afe-bc617212d3e4" executionId="4ad79086-4e37-4191-8740-e68027bcedc9" testListId="8c84fa94-04c1-424b-9868-57a2d4851a1d" />
    <TestEntry testId="3978464b-b0af-b3e2-3406-870e09140289" executionId="ba2682ea-25a4-4865-95e8-3d9b02fd639c" testListId="8c84fa94-04c1-424b-9868-57a2d4851a1d" />
    <TestEntry testId="d771bdda-e095-6736-7ff6-f97744c1a2e4" executionId="27575906-7b47-4944-a3f2-ec4f4b694407" testListId="8c84fa94-04c1-424b-9868-57a2d4851a1d" />
    <TestEntry testId="0fa16bff-3a68-b551-56d2-07c1ded60258" executionId="6bccf52d-9453-443b-bde9-5abd5eb8d778" testListId="8c84fa94-04c1-424b-9868-57a2d4851a1d" />
    <TestEntry testId="1ea3d9cf-0593-527f-1145-b9c40e7ce4ea" executionId="604a9df5-0ac9-4752-b06b-2c0a000825ab" testListId="8c84fa94-04c1-424b-9868-57a2d4851a1d" />
    <TestEntry testId="23b322e6-2723-5376-ba60-23231b14a7b7" executionId="acff14e1-f349-4699-ac4d-f64ddb147716" testListId="8c84fa94-04c1-424b-9868-57a2d4851a1d" />
    <TestEntry testId="57d45dd0-1ae6-7737-60a2-01977ea3551f" executionId="29c51578-793d-49d1-81e3-ce6d3d3ffb8a" testListId="8c84fa94-04c1-424b-9868-57a2d4851a1d" />
    <TestEntry testId="e89d2df6-c759-eeee-5fab-93b4263322c2" executionId="4781776c-9583-457b-8a16-088b4e3029af" testListId="8c84fa94-04c1-424b-9868-57a2d4851a1d" />
    <TestEntry testId="4d4d4cfe-a34a-93c0-0ba6-b04203aa699a" executionId="7573224f-f1a6-48a9-bda4-69cd2fa26e9b" testListId="8c84fa94-04c1-424b-9868-57a2d4851a1d" />
    <TestEntry testId="114e0d47-4c9e-cbd2-adbf-3d45c8fdc807" executionId="616138a6-12e2-408d-9f13-b0018be0d02a" testListId="8c84fa94-04c1-424b-9868-57a2d4851a1d" />
    <TestEntry testId="22776f80-9c31-e8cb-2f16-1d6d7af7e805" executionId="7b59732b-b033-46bb-804f-0a2619ef81a5" testListId="8c84fa94-04c1-424b-9868-57a2d4851a1d" />
    <TestEntry testId="027053bc-df1d-b0e0-dbc5-979870253df2" executionId="d4513540-80ef-4530-83c1-404e096c5195" testListId="8c84fa94-04c1-424b-9868-57a2d4851a1d" />
    <TestEntry testId="ba3bd934-aa38-60b0-8732-9c0bb2393841" executionId="d457ae50-214e-4fd9-9883-6e2496225cc3" testListId="8c84fa94-04c1-424b-9868-57a2d4851a1d" />
    <TestEntry testId="f5eb021e-cc50-681f-7c36-7e3ccc0205f7" executionId="2d0076b4-e823-41ca-9940-4172b92c2743" testListId="8c84fa94-04c1-424b-9868-57a2d4851a1d" />
    <TestEntry testId="3982dc9c-04b2-2795-da92-0f67cca4b248" executionId="c09c52bb-f759-448e-bbb4-73b0b0b3d6c1" testListId="8c84fa94-04c1-424b-9868-57a2d4851a1d" />
    <TestEntry testId="bccccb41-f19a-6dbb-228e-50edb22c58fc" executionId="f41afc1b-c885-4702-b903-3675d08e0df9" testListId="8c84fa94-04c1-424b-9868-57a2d4851a1d" />
    <TestEntry testId="75945694-3177-c6c8-d2bd-6d588087a719" executionId="1c88e4a8-fa77-49a3-bdcc-7e72eb11b530" testListId="8c84fa94-04c1-424b-9868-57a2d4851a1d" />
    <TestEntry testId="5e42e9eb-87af-1efa-56db-246b9a940404" executionId="6c8a85d8-c4dc-454f-8d68-975663cc1f65" testListId="8c84fa94-04c1-424b-9868-57a2d4851a1d" />
    <TestEntry testId="3819379b-b24a-f94b-b610-37de373b6866" executionId="6e02458f-b627-4825-8bdc-044589db9382" testListId="8c84fa94-04c1-424b-9868-57a2d4851a1d" />
    <TestEntry testId="f7e79d2c-1d01-3984-dd67-06e8d7b509d7" executionId="543a7f05-6ec9-44a2-9261-e914710a427e" testListId="8c84fa94-04c1-424b-9868-57a2d4851a1d" />
    <TestEntry testId="384493b3-faa2-8d8e-2fdb-e5abfbc35b02" executionId="67ee2177-2499-4090-91b9-ac9a192838f5" testListId="8c84fa94-04c1-424b-9868-57a2d4851a1d" />
    <TestEntry testId="7caf1f91-aeb2-356e-11cf-9b57343c06ce" executionId="6d9e27bb-dfce-4489-93f3-a01e586c7f5e" testListId="8c84fa94-04c1-424b-9868-57a2d4851a1d" />
    <TestEntry testId="531a9378-9b2c-7bba-60fa-d642952370ed" executionId="dc288d54-d061-4d06-b771-a1e408ec8620" testListId="8c84fa94-04c1-424b-9868-57a2d4851a1d" />
    <TestEntry testId="bedea709-13bc-f4fd-11fb-7205cecfbb14" executionId="d6490211-2927-4762-b13e-ad7ff731422e" testListId="8c84fa94-04c1-424b-9868-57a2d4851a1d" />
    <TestEntry testId="34397d56-d2c9-7dd5-1b42-fe9e48c5ab57" executionId="79c2bfd5-68ef-477d-aca0-864614d3d3d8" testListId="8c84fa94-04c1-424b-9868-57a2d4851a1d" />
    <TestEntry testId="40423bd1-06db-bab4-7289-bd613a61aa10" executionId="173c3408-153f-443f-98a2-2e6b477a0d2d" testListId="8c84fa94-04c1-424b-9868-57a2d4851a1d" />
    <TestEntry testId="b77a23e7-a97b-b701-2f77-919d869e039d" executionId="a919fe16-f8f3-4c6e-b91e-7f7924ab516b" testListId="8c84fa94-04c1-424b-9868-57a2d4851a1d" />
    <TestEntry testId="7cf187ad-40f2-b291-da97-82fe7bffbc10" executionId="ced4e91b-0a84-44b7-9ec4-8e9eec1d9045" testListId="8c84fa94-04c1-424b-9868-57a2d4851a1d" />
    <TestEntry testId="179557a5-2342-8d9d-af89-790c6845dfb7" executionId="8209f0ed-2151-4f77-ac4f-9c0cb307be00" testListId="8c84fa94-04c1-424b-9868-57a2d4851a1d" />
    <TestEntry testId="8e566b37-0331-0c3b-454c-eb270b5babd5" executionId="b21c012b-faed-417c-96f0-8554794b633a" testListId="8c84fa94-04c1-424b-9868-57a2d4851a1d" />
    <TestEntry testId="69254c4f-22ec-836d-8fa4-874ceb0a21b3" executionId="4ecc4b43-9b95-4bbb-9c64-157db61b9459" testListId="8c84fa94-04c1-424b-9868-57a2d4851a1d" />
    <TestEntry testId="d0053b03-38c2-fb6c-a810-0f55e839d86f" executionId="bd36e23c-170a-472b-9ff5-c6090659bb6a" testListId="8c84fa94-04c1-424b-9868-57a2d4851a1d" />
    <TestEntry testId="75d9fdf1-8c1f-43d3-fe3b-f5816d0db565" executionId="2f5f9e76-f7da-44cd-8643-1ec35985e39c" testListId="8c84fa94-04c1-424b-9868-57a2d4851a1d" />
    <TestEntry testId="b7b49fc9-984c-87e6-4f51-a863beffc50f" executionId="c0864d6d-053b-4ff9-a2e4-10ae8a88f06a" testListId="8c84fa94-04c1-424b-9868-57a2d4851a1d" />
    <TestEntry testId="5827375e-171b-bf60-ec4d-e07deea3721b" executionId="ca73be25-e33d-432f-9762-100c603f7fbd" testListId="8c84fa94-04c1-424b-9868-57a2d4851a1d" />
    <TestEntry testId="8c1193c6-a0a1-edf8-44ea-45001a175416" executionId="da22081a-c73a-4607-8e44-3ff6b2ab266f" testListId="8c84fa94-04c1-424b-9868-57a2d4851a1d" />
    <TestEntry testId="8457f3bd-50cd-d1ac-1ea6-577cdab9ce2c" executionId="f78ef16c-ea3a-4ee6-961c-bb578400b772" testListId="8c84fa94-04c1-424b-9868-57a2d4851a1d" />
    <TestEntry testId="d3b2be3b-d498-1b10-f057-9133ad68d1e0" executionId="69a5972b-d724-4312-a1b2-3fbd9447eeec" testListId="8c84fa94-04c1-424b-9868-57a2d4851a1d" />
    <TestEntry testId="70afa5a1-04ab-d30d-7476-f85892cb6ad3" executionId="afb71a70-b23a-4e1f-acd0-2db8eb695948" testListId="8c84fa94-04c1-424b-9868-57a2d4851a1d" />
    <TestEntry testId="90a4d288-b6f3-ddfa-e2c9-657a1e07782e" executionId="2c1e60f4-6927-4f3e-93f9-7c41b142ef98" testListId="8c84fa94-04c1-424b-9868-57a2d4851a1d" />
    <TestEntry testId="bf3d9a66-69ab-069b-043c-ff600a675475" executionId="eb8eea73-f863-4af9-b9f6-6d24b533ef88" testListId="8c84fa94-04c1-424b-9868-57a2d4851a1d" />
    <TestEntry testId="cb27b032-6f26-a2a1-f2cc-1bbe328e48fc" executionId="c9aab694-1c28-4d3f-9e13-4c56b0dee85d" testListId="8c84fa94-04c1-424b-9868-57a2d4851a1d" />
    <TestEntry testId="51c4f99c-1f21-27ae-0f6f-463fe39d5455" executionId="65edeb86-9d8f-46ad-aa9c-2831a1983eaf" testListId="8c84fa94-04c1-424b-9868-57a2d4851a1d" />
    <TestEntry testId="c07d5fa2-f748-72f8-4cdd-7c1fac9712b8" executionId="e078c63a-f089-4573-97a8-69020c64fa2f" testListId="8c84fa94-04c1-424b-9868-57a2d4851a1d" />
    <TestEntry testId="8c5d39e9-be39-e38a-0431-9158b19fc4ef" executionId="1193dc77-c9ad-44b0-883b-7c0598a29926" testListId="8c84fa94-04c1-424b-9868-57a2d4851a1d" />
    <TestEntry testId="abae3cc0-f23b-d56a-aa95-dbc3f29f92b0" executionId="34afc282-a07f-485a-ade5-3459b194be89" testListId="8c84fa94-04c1-424b-9868-57a2d4851a1d" />
    <TestEntry testId="43036f82-18d1-c744-ac11-438d6c8c0b52" executionId="7af3f8c7-6bc6-495d-a26e-0ac2dd23140f" testListId="8c84fa94-04c1-424b-9868-57a2d4851a1d" />
    <TestEntry testId="f8cff049-44a8-3b6c-16b9-e8b52a180b21" executionId="7ef71bd7-f911-4533-b193-bdc15894c574" testListId="8c84fa94-04c1-424b-9868-57a2d4851a1d" />
    <TestEntry testId="53dbe69d-c163-b421-fe88-796ee04a1f2b" executionId="e57c5573-a470-4a4e-9f2b-2f9a19e62e0e" testListId="8c84fa94-04c1-424b-9868-57a2d4851a1d" />
    <TestEntry testId="1e6e8296-3aa2-a135-cc42-63c90948e8fc" executionId="8aff5896-450e-4352-8f3d-591e471ffa5c" testListId="8c84fa94-04c1-424b-9868-57a2d4851a1d" />
    <TestEntry testId="a0749e86-c934-0f09-4b05-b67f4fe9e467" executionId="fd278bda-333e-460c-a41e-0bdcc77ad963" testListId="8c84fa94-04c1-424b-9868-57a2d4851a1d" />
    <TestEntry testId="d353a80f-5367-74b5-201a-cda740c4ded1" executionId="538f22a1-0ded-4341-b4b1-8e244836b5c3" testListId="8c84fa94-04c1-424b-9868-57a2d4851a1d" />
    <TestEntry testId="279db805-535d-a813-c3e4-14ccd3d5a638" executionId="77b6fc64-43ad-49f1-ac2e-16869867e7b0" testListId="8c84fa94-04c1-424b-9868-57a2d4851a1d" />
    <TestEntry testId="3188e82a-c769-a67b-b22f-28f325f7fbb6" executionId="479ed2ac-8439-4e5a-94dd-4262836ba127" testListId="8c84fa94-04c1-424b-9868-57a2d4851a1d" />
    <TestEntry testId="77ca9c81-db98-ff4c-572f-4485eef75a9d" executionId="339dd041-d3c1-440b-88ef-d5ab07eb50fa" testListId="8c84fa94-04c1-424b-9868-57a2d4851a1d" />
    <TestEntry testId="4ec93c6f-6e3c-9fe9-c8b9-09ffb710c4f6" executionId="2a8c27d8-256e-41b5-a58f-180b82588e28" testListId="8c84fa94-04c1-424b-9868-57a2d4851a1d" />
    <TestEntry testId="d6704f5e-36b8-e1a3-8f3e-3a3ca8caceed" executionId="1c609fce-948f-4f92-be03-7897a1e7d506" testListId="8c84fa94-04c1-424b-9868-57a2d4851a1d" />
    <TestEntry testId="17f86dd8-04cd-0aa5-0e7f-6cdaa1c1464c" executionId="d8f858c2-0795-4f56-8614-7915a4879cca" testListId="8c84fa94-04c1-424b-9868-57a2d4851a1d" />
  </TestEntries>
  <TestLists>
    <TestList name="Results Not in a List" id="8c84fa94-04c1-424b-9868-57a2d4851a1d" />
    <TestList name="All Loaded Results" id="19431567-8539-422a-85d7-44ee4e166bda" />
  </TestLists>
  <ResultSummary outcome="Failed">
    <Counters total="89" executed="89" passed="88" failed="1" error="0" timeout="0" aborted="0" inconclusive="0" passedButRunAborted="0" notRunnable="0" notExecuted="0" disconnected="0" warning="0" completed="0" inProgress="0" pending="0" />
    <Output>
      <StdOut>NUnit Adapter 6.0.0.0: Test execution started&#xD;
Running all tests in C:\PRGDIR\Svelto\Svelto.Tasks\Svelto.Tasks.Examples\Packages\com.sebaslab.svelto.tasks\Svelto.Tasks.Tests~\bin~\Debug\net9.0\Svelto.Tasks.Tests.dll&#xD;
   NUnit3TestExecutor discovered 89 of 89 NUnit test cases using Current Discovery mode, Non-Explicit run&#xD;
-!!!!!!-&gt; &#xD;
   at Svelto.Tasks.Lean.SveltoTaskWrapper`2.&lt;Step&gt;g__ProcessExtraLeanEnumerator|4_0(IEnumerator extraLeanEnumerator, TaskContract&amp; current) in C:\PRGDIR\Svelto\Svelto.Tasks\Svelto.Tasks.Examples\Packages\com.sebaslab.svelto.tasks\Svelto.Tasks\Tasks\Lean\SveltoTaskWrapper.cs:line 180&#xD;
&#xD;
-!!!!!!-&gt; ExtraLean enumerator Svelto.Tasks.Tests.ExtraLeanEnumeratorTests+&lt;&lt;TestExtraLeanEnumerator_InvalidReturn_ThrowsException&gt;g__ExtraLeanInvalid|2_1&gt;d can return only null, Yield.It, Break.It, Break.AndStop and yield break -- catching exception for root task Svelto.Tasks.Tests.ExtraLeanEnumeratorTests+&lt;&lt;TestExtraLeanEnumerator_InvalidReturn_ThrowsException&gt;g__ParentTask|2_0&gt;d&#xD;
   at Svelto.Tasks.Lean.SveltoTaskWrapper`2.&lt;Step&gt;g__ProcessExtraLeanEnumerator|4_0(IEnumerator extraLeanEnumerator, TaskContract&amp; current) in C:\PRGDIR\Svelto\Svelto.Tasks\Svelto.Tasks.Examples\Packages\com.sebaslab.svelto.tasks\Svelto.Tasks\Tasks\Lean\SveltoTaskWrapper.cs:line 180&#xD;
   at Svelto.Tasks.Lean.SveltoTaskWrapper`2.Step(Int32 runningTaskIndexFromRunningTasksToReplace, TombstoneHandle parentSpawnedTaskIndex) in C:\PRGDIR\Svelto\Svelto.Tasks\Svelto.Tasks.Examples\Packages\com.sebaslab.svelto.tasks\Svelto.Tasks\Tasks\Lean\SveltoTaskWrapper.cs:line 111&#xD;
   at Svelto.Tasks.Lean.LeanSveltoTask`1.Svelto.Tasks.ISveltoTask.Step(Int32 runningTaskIndexToReplace, TombstoneHandle parentSpawnedTaskIndex) in C:\PRGDIR\Svelto\Svelto.Tasks\Svelto.Tasks.Examples\Packages\com.sebaslab.svelto.tasks\Svelto.Tasks\Tasks\Lean\LeanSveltoTask.cs:line 71&#xD;
   at Svelto.Tasks.Internal.SveltoTaskRunner`1.Process`1.MoveNext[PlatformProfiler](PlatformProfiler&amp; platformProfiler) in C:\PRGDIR\Svelto\Svelto.Tasks\Svelto.Tasks.Examples\Packages\com.sebaslab.svelto.tasks\Svelto.Tasks\Runners\SveltoTaskRunner.cs:line 132&#xD;
&#xD;
&#xD;
-!!!!!!-&gt; ExtraLean enumerator can return only null, Yield.It, Break.It, Break.AndStop and yield break -- catching exception for root task Svelto.Tasks.Tests.TaskContractTests+&lt;&lt;ExtraLean_InvalidCurrent_ThrowsSveltoTaskException&gt;g__Invalid|10_0&gt;d&#xD;
   at Svelto.Tasks.ExtraLean.ExtraLeanSveltoTaskCommon.Step[TEnumerator](SveltoTaskState&amp; taskState, TEnumerator&amp; runningTask, Boolean isTaskStruct) in C:\PRGDIR\Svelto\Svelto.Tasks\Svelto.Tasks.Examples\Packages\com.sebaslab.svelto.tasks\Svelto.Tasks\Tasks\ExtraLean\ExtraLeanSveltoTask.cs:line 46&#xD;
   at Svelto.Tasks.ExtraLean.ExtraLeanSveltoTask`1.Svelto.Tasks.ISveltoTask.Step(Int32 runningTaskIndexFromRunningTasksToReplace, TombstoneHandle currentSpawnedTaskToRunIndex) in C:\PRGDIR\Svelto\Svelto.Tasks\Svelto.Tasks.Examples\Packages\com.sebaslab.svelto.tasks\Svelto.Tasks\Tasks\ExtraLean\ExtraLeanSveltoTask.cs:line 217&#xD;
   at Svelto.Tasks.Internal.SveltoTaskRunner`1.Process`1.MoveNext[PlatformProfiler](PlatformProfiler&amp; platformProfiler) in C:\PRGDIR\Svelto\Svelto.Tasks\Svelto.Tasks.Examples\Packages\com.sebaslab.svelto.tasks\Svelto.Tasks\Runners\SveltoTaskRunner.cs:line 132&#xD;
&#xD;
&#xD;
NUnit Adapter 6.0.0.0: Test execution complete&#xD;
</StdOut>
    </Output>
  </ResultSummary>
</TestRun>